This is pdfTeX, Version 3.141592653-2.6-1.40.25 (TeX Live 2023) (preloaded format=pdflatex 2023.8.2)  12 NOV 2023 10:34
entering extended mode
 restricted \write18 enabled.
 file:line:error style messages enabled.
 %&-line parsing enabled.
**/Volumes/SamsungSSD/nextcloud/Classes/588_Proposal/POSC_588_Syllabus_Proposal.tex
(/Volumes/SamsungSSD/nextcloud/Classes/588_Proposal/POSC_588_Syllabus_Proposal.tex
LaTeX2e <2023-06-01> patch level 1
L3 programming layer <2023-06-30>
(/usr/local/texlive/2023/texmf-dist/tex/latex/base/article.cls
Document Class: article 2023/05/17 v1.4n Standard LaTeX document class
(/usr/local/texlive/2023/texmf-dist/tex/latex/base/size12.clo
File: size12.clo 2023/05/17 v1.4n Standard LaTeX file (size option)
)
\c@part=\count185
\c@section=\count186
\c@subsection=\count187
\c@subsubsection=\count188
\c@paragraph=\count189
\c@subparagraph=\count190
\c@figure=\count191
\c@table=\count192
\abovecaptionskip=\skip48
\belowcaptionskip=\skip49
\bibindent=\dimen140
) (/usr/local/texlive/2023/texmf-dist/tex/generic/babel/babel.sty
Package: babel 2023/07/15 v3.92 The Babel package
\babel@savecnt=\count193
\U@D=\dimen141
\l@unhyphenated=\language87
 (/usr/local/texlive/2023/texmf-dist/tex/generic/babel/txtbabel.def)
\bbl@readstream=\read2
\bbl@dirlevel=\count194
 (/usr/local/texlive/2023/texmf-dist/tex/generic/babel-english/english.ldf
Language: english 2017/06/06 v3.3r English support from the babel system
Package babel Info: Hyphen rules for 'canadian' set to \l@english
(babel)             (\language0). Reported on input line 102.
Package babel Info: Hyphen rules for 'australian' set to \l@ukenglish
(babel)             (\language21). Reported on input line 105.
Package babel Info: Hyphen rules for 'newzealand' set to \l@ukenglish
(babel)             (\language21). Reported on input line 108.
)) (/usr/local/texlive/2023/texmf-dist/tex/generic/babel/locale/en/babel-english.tex
Package babel Info: Importing font and identification data for english
(babel)             from babel-en.ini. Reported on input line 11.
) (/usr/local/texlive/2023/texmf-dist/tex/latex/base/fontenc.sty
Package: fontenc 2021/04/29 v2.0v Standard LaTeX package
) (/usr/local/texlive/2023/texmf-dist/tex/latex/geometry/geometry.sty
Package: geometry 2020/01/02 v5.9 Page Geometry
 (/usr/local/texlive/2023/texmf-dist/tex/latex/graphics/keyval.sty
Package: keyval 2022/05/29 v1.15 key=value parser (DPC)
\KV@toks@=\toks17
) (/usr/local/texlive/2023/texmf-dist/tex/generic/iftex/ifvtex.sty
Package: ifvtex 2019/10/25 v1.7 ifvtex legacy package. Use iftex instead.
 (/usr/local/texlive/2023/texmf-dist/tex/generic/iftex/iftex.sty
Package: iftex 2022/02/03 v1.0f TeX engine tests
))
\Gm@cnth=\count195
\Gm@cntv=\count196
\c@Gm@tempcnt=\count197
\Gm@bindingoffset=\dimen142
\Gm@wd@mp=\dimen143
\Gm@odd@mp=\dimen144
\Gm@even@mp=\dimen145
\Gm@layoutwidth=\dimen146
\Gm@layoutheight=\dimen147
\Gm@layouthoffset=\dimen148
\Gm@layoutvoffset=\dimen149
\Gm@dimlist=\toks18
) (/usr/local/texlive/2023/texmf-dist/tex/latex/ubuntu/ubuntu.sty
Package: ubuntu 
 (/usr/local/texlive/2023/texmf-dist/tex/generic/iftex/ifpdf.sty
Package: ifpdf 2019/10/25 v3.4 ifpdf legacy package. Use iftex instead.
) (/usr/local/texlive/2023/texmf-dist/tex/latex/base/ifthen.sty
Package: ifthen 2022/04/13 v1.1d Standard LaTeX ifthen package (DPC)
){/usr/local/texlive/2023/texmf-var/fonts/map/pdftex/updmap/pdftex.map}{/usr/local/texlive/2023/texmf-dist/fonts/map/ubuntu.map}) (/usr/local/texlive/2023/texmf-dist/tex/latex/xcolor/xcolor.sty
Package: xcolor 2022/06/12 v2.14 LaTeX color extensions (UK)
 (/usr/local/texlive/2023/texmf-dist/tex/latex/graphics-cfg/color.cfg
File: color.cfg 2016/01/02 v1.6 sample color configuration
)
Package xcolor Info: Driver file: pdftex.def on input line 227.
 (/usr/local/texlive/2023/texmf-dist/tex/latex/graphics-def/pdftex.def
File: pdftex.def 2022/09/22 v1.2b Graphics/color driver for pdftex
) (/usr/local/texlive/2023/texmf-dist/tex/latex/graphics/mathcolor.ltx)
Package xcolor Info: Model `cmy' substituted by `cmy0' on input line 1353.
Package xcolor Info: Model `hsb' substituted by `rgb' on input line 1357.
Package xcolor Info: Model `RGB' extended on input line 1369.
Package xcolor Info: Model `HTML' substituted by `rgb' on input line 1371.
Package xcolor Info: Model `Hsb' substituted by `hsb' on input line 1372.
Package xcolor Info: Model `tHsb' substituted by `hsb' on input line 1373.
Package xcolor Info: Model `HSB' substituted by `hsb' on input line 1374.
Package xcolor Info: Model `Gray' substituted by `gray' on input line 1375.
Package xcolor Info: Model `wave' substituted by `hsb' on input line 1376.
) (/usr/local/texlive/2023/texmf-dist/tex/latex/url/url.sty
\Urlmuskip=\muskip16
Package: url 2013/09/16  ver 3.4  Verb mode for urls, etc.
) (/usr/local/texlive/2023/texmf-dist/tex/latex/base/inputenc.sty
Package: inputenc 2021/02/14 v1.3d Input encoding file
\inpenc@prehook=\toks19
\inpenc@posthook=\toks20
) (/usr/local/texlive/2023/texmf-dist/tex/latex/tools/tabularx.sty
Package: tabularx 2020/01/15 v2.11c `tabularx' package (DPC)
 (/usr/local/texlive/2023/texmf-dist/tex/latex/tools/array.sty
Package: array 2022/09/04 v2.5g Tabular extension package (FMi)
\col@sep=\dimen150
\ar@mcellbox=\box51
\extrarowheight=\dimen151
\NC@list=\toks21
\extratabsurround=\skip50
\backup@length=\skip51
\ar@cellbox=\box52
)
\TX@col@width=\dimen152
\TX@old@table=\dimen153
\TX@old@col=\dimen154
\TX@target=\dimen155
\TX@delta=\dimen156
\TX@cols=\count198
\TX@ftn=\toks22
) (/usr/local/texlive/2023/texmf-dist/tex/latex/booktabs/booktabs.sty
Package: booktabs 2020/01/12 v1.61803398 Publication quality tables
\heavyrulewidth=\dimen157
\lightrulewidth=\dimen158
\cmidrulewidth=\dimen159
\belowrulesep=\dimen160
\belowbottomsep=\dimen161
\aboverulesep=\dimen162
\abovetopsep=\dimen163
\cmidrulesep=\dimen164
\cmidrulekern=\dimen165
\defaultaddspace=\dimen166
\@cmidla=\count199
\@cmidlb=\count266
\@aboverulesep=\dimen167
\@belowrulesep=\dimen168
\@thisruleclass=\count267
\@lastruleclass=\count268
\@thisrulewidth=\dimen169
) (/usr/local/texlive/2023/texmf-dist/tex/latex/tools/multicol.sty
Package: multicol 2023/03/30 v1.9f multicolumn formatting (FMi)
\c@tracingmulticols=\count269
\mult@box=\box53
\multicol@leftmargin=\dimen170
\c@unbalance=\count270
\c@collectmore=\count271
\doublecol@number=\count272
\multicoltolerance=\count273
\multicolpretolerance=\count274
\full@width=\dimen171
\page@free=\dimen172
\premulticols=\dimen173
\postmulticols=\dimen174
\multicolsep=\skip52
\multicolbaselineskip=\skip53
\partial@page=\box54
\last@line=\box55
\mc@boxedresult=\box56
\maxbalancingoverflow=\dimen175
\mult@rightbox=\box57
\mult@grightbox=\box58
\mult@firstbox=\box59
\mult@gfirstbox=\box60
\@tempa=\box61
\@tempa=\box62
\@tempa=\box63
\@tempa=\box64
\@tempa=\box65
\@tempa=\box66
\@tempa=\box67
\@tempa=\box68
\@tempa=\box69
\@tempa=\box70
\@tempa=\box71
\@tempa=\box72
\@tempa=\box73
\@tempa=\box74
\@tempa=\box75
\@tempa=\box76
\@tempa=\box77
\@tempa=\box78
\@tempa=\box79
\@tempa=\box80
\@tempa=\box81
\@tempa=\box82
\@tempa=\box83
\@tempa=\box84
\@tempa=\box85
\@tempa=\box86
\@tempa=\box87
\@tempa=\box88
\@tempa=\box89
\@tempa=\box90
\@tempa=\box91
\@tempa=\box92
\@tempa=\box93
\@tempa=\box94
\@tempa=\box95
\@tempa=\box96
\c@minrows=\count275
\c@columnbadness=\count276
\c@finalcolumnbadness=\count277
\last@try=\dimen176
\multicolovershoot=\dimen177
\multicolundershoot=\dimen178
\mult@nat@firstbox=\box97
\colbreak@box=\box98
\mc@col@check@num=\count278
) (/usr/local/texlive/2023/texmf-dist/tex/latex/eso-pic/eso-pic.sty
Package: eso-pic 2023/05/03 v3.0c eso-pic (RN)
\ESO@tempdima=\dimen179
\ESO@tempdimb=\dimen180
) (/usr/local/texlive/2023/texmf-dist/tex/latex/natbib/natbib.sty
Package: natbib 2010/09/13 8.31b (PWD, AO)
\bibhang=\skip54
\bibsep=\skip55
LaTeX Info: Redefining \cite on input line 694.
\c@NAT@ctr=\count279
) (/usr/local/texlive/2023/texmf-dist/tex/latex/caption/caption.sty
Package: caption 2023/07/31 v3.6n Customizing captions (AR)
 (/usr/local/texlive/2023/texmf-dist/tex/latex/caption/caption3.sty
Package: caption3 2023/07/31 v2.4d caption3 kernel (AR)
\caption@tempdima=\dimen181
\captionmargin=\dimen182
\caption@leftmargin=\dimen183
\caption@rightmargin=\dimen184
\caption@width=\dimen185
\caption@indent=\dimen186
\caption@parindent=\dimen187
\caption@hangindent=\dimen188
Package caption Info: Standard document class detected.
)
\c@caption@flags=\count280
\c@continuedfloat=\count281
) (/usr/local/texlive/2023/texmf-dist/tex/latex/caption/subcaption.sty
Package: subcaption 2023/07/28 v1.6b Sub-captions (AR)
Package caption Info: New subtype `subfigure' on input line 238.
\c@subfigure=\count282
Package caption Info: New subtype `subtable' on input line 238.
\c@subtable=\count283
) (/usr/local/texlive/2023/texmf-dist/tex/latex/setspace/setspace.sty
Package: setspace 2022/12/04 v6.7b set line spacing
) (/usr/local/texlive/2023/texmf-dist/tex/latex/paralist/paralist.sty
Package: paralist 2017/01/22 v2.7 Extended list environments
\pltopsep=\skip56
\plpartopsep=\skip57
\plitemsep=\skip58
\plparsep=\skip59
\pl@lab=\toks23
) (/usr/local/texlive/2023/texmf-dist/tex/latex/quoting/quoting.sty
Package: quoting 2014/01/28 v0.1c Consolidated environment for displayed text
 (/usr/local/texlive/2023/texmf-dist/tex/latex/etoolbox/etoolbox.sty
Package: etoolbox 2020/10/05 v2.5k e-TeX tools for LaTeX (JAW)
\etb@tempcnta=\count284
) (/usr/local/texlive/2023/texmf-dist/tex/latex/kvoptions/kvoptions.sty
Package: kvoptions 2022-06-15 v3.15 Key value format for package options (HO)
 (/usr/local/texlive/2023/texmf-dist/tex/generic/ltxcmds/ltxcmds.sty
Package: ltxcmds 2020-05-10 v1.25 LaTeX kernel commands for general use (HO)
) (/usr/local/texlive/2023/texmf-dist/tex/latex/kvsetkeys/kvsetkeys.sty
Package: kvsetkeys 2022-10-05 v1.19 Key value parser (HO)
))
\quo@toppartop=\skip60
) (/usr/local/texlive/2023/texmf-dist/tex/latex/comment/comment.sty
\CommentStream=\write3
 Excluding comment 'comment') (/usr/local/texlive/2023/texmf-dist/tex/latex/enumitem/enumitem.sty
Package: enumitem 2019/06/20 v3.9 Customized lists
\labelindent=\skip61
\enit@outerparindent=\dimen189
\enit@toks=\toks24
\enit@inbox=\box99
\enit@count@id=\count285
\enitdp@description=\count286
) (/usr/local/texlive/2023/texmf-dist/tex/latex/graphics/graphicx.sty
Package: graphicx 2021/09/16 v1.2d Enhanced LaTeX Graphics (DPC,SPQR)
 (/usr/local/texlive/2023/texmf-dist/tex/latex/graphics/graphics.sty
Package: graphics 2022/03/10 v1.4e Standard LaTeX Graphics (DPC,SPQR)
 (/usr/local/texlive/2023/texmf-dist/tex/latex/graphics/trig.sty
Package: trig 2021/08/11 v1.11 sin cos tan (DPC)
) (/usr/local/texlive/2023/texmf-dist/tex/latex/graphics-cfg/graphics.cfg
File: graphics.cfg 2016/06/04 v1.11 sample graphics configuration
)
Package graphics Info: Driver file: pdftex.def on input line 107.
)
\Gin@req@height=\dimen190
\Gin@req@width=\dimen191
) (/usr/local/texlive/2023/texmf-dist/tex/latex/float/float.sty
Package: float 2001/11/08 v1.3d Float enhancements (AL)
\c@float@type=\count287
\float@exts=\toks25
\float@box=\box100
\@float@everytoks=\toks26
\@floatcapt=\box101
) (/usr/local/texlive/2023/texmf-dist/tex/latex/bookmark/bookmark.sty
Package: bookmark 2020-11-06 v1.29 PDF bookmarks (HO)
 (/usr/local/texlive/2023/texmf-dist/tex/latex/hyperref/hyperref.sty
Package: hyperref 2023-07-08 v7.01b Hypertext links for LaTeX
 (/usr/local/texlive/2023/texmf-dist/tex/generic/pdftexcmds/pdftexcmds.sty
Package: pdftexcmds 2020-06-27 v0.33 Utility functions of pdfTeX for LuaTeX (HO)
 (/usr/local/texlive/2023/texmf-dist/tex/generic/infwarerr/infwarerr.sty
Package: infwarerr 2019/12/03 v1.5 Providing info/warning/error messages (HO)
)
Package pdftexcmds Info: \pdf@primitive is available.
Package pdftexcmds Info: \pdf@ifprimitive is available.
Package pdftexcmds Info: \pdfdraftmode found.
) (/usr/local/texlive/2023/texmf-dist/tex/generic/kvdefinekeys/kvdefinekeys.sty
Package: kvdefinekeys 2019-12-19 v1.6 Define keys (HO)
) (/usr/local/texlive/2023/texmf-dist/tex/generic/pdfescape/pdfescape.sty
Package: pdfescape 2019/12/09 v1.15 Implements pdfTeX's escape features (HO)
) (/usr/local/texlive/2023/texmf-dist/tex/latex/hycolor/hycolor.sty
Package: hycolor 2020-01-27 v1.10 Color options for hyperref/bookmark (HO)
) (/usr/local/texlive/2023/texmf-dist/tex/latex/letltxmacro/letltxmacro.sty
Package: letltxmacro 2019/12/03 v1.6 Let assignment for LaTeX macros (HO)
) (/usr/local/texlive/2023/texmf-dist/tex/latex/auxhook/auxhook.sty
Package: auxhook 2019-12-17 v1.6 Hooks for auxiliary files (HO)
) (/usr/local/texlive/2023/texmf-dist/tex/latex/hyperref/nameref.sty
Package: nameref 2023-08-07 v2.53 Cross-referencing by name of section
 (/usr/local/texlive/2023/texmf-dist/tex/latex/refcount/refcount.sty
Package: refcount 2019/12/15 v3.6 Data extraction from label references (HO)
) (/usr/local/texlive/2023/texmf-dist/tex/generic/gettitlestring/gettitlestring.sty
Package: gettitlestring 2019/12/15 v1.6 Cleanup title references (HO)
)
\c@section@level=\count288
)
\@linkdim=\dimen192
\Hy@linkcounter=\count289
\Hy@pagecounter=\count290
 (/usr/local/texlive/2023/texmf-dist/tex/latex/hyperref/pd1enc.def
File: pd1enc.def 2023-07-08 v7.01b Hyperref: PDFDocEncoding definition (HO)
Now handling font encoding PD1 ...
... no UTF-8 mapping file for font encoding PD1
) (/usr/local/texlive/2023/texmf-dist/tex/generic/intcalc/intcalc.sty
Package: intcalc 2019/12/15 v1.3 Expandable calculations with integers (HO)
)
\Hy@SavedSpaceFactor=\count291
 (/usr/local/texlive/2023/texmf-dist/tex/latex/hyperref/puenc.def
File: puenc.def 2023-07-08 v7.01b Hyperref: PDF Unicode definition (HO)
Now handling font encoding PU ...
... no UTF-8 mapping file for font encoding PU
)
Package hyperref Info: Hyper figures OFF on input line 4167.
Package hyperref Info: Link nesting OFF on input line 4172.
Package hyperref Info: Hyper index ON on input line 4175.
Package hyperref Info: Plain pages OFF on input line 4182.
Package hyperref Info: Backreferencing OFF on input line 4187.
Package hyperref Info: Implicit mode ON; LaTeX internals redefined.
Package hyperref Info: Bookmarks ON on input line 4434.
\c@Hy@tempcnt=\count292
LaTeX Info: Redefining \url on input line 4772.
\XeTeXLinkMargin=\dimen193
 (/usr/local/texlive/2023/texmf-dist/tex/generic/bitset/bitset.sty
Package: bitset 2019/12/09 v1.3 Handle bit-vector datatype (HO)
 (/usr/local/texlive/2023/texmf-dist/tex/generic/bigintcalc/bigintcalc.sty
Package: bigintcalc 2019/12/15 v1.5 Expandable calculations on big integers (HO)
))
\Fld@menulength=\count293
\Field@Width=\dimen194
\Fld@charsize=\dimen195
Package hyperref Info: Hyper figures OFF on input line 6051.
Package hyperref Info: Link nesting OFF on input line 6056.
Package hyperref Info: Hyper index ON on input line 6059.
Package hyperref Info: backreferencing OFF on input line 6066.
Package hyperref Info: Link coloring OFF on input line 6071.
Package hyperref Info: Link coloring with OCG OFF on input line 6076.
Package hyperref Info: PDF/A mode OFF on input line 6081.
 (/usr/local/texlive/2023/texmf-dist/tex/latex/base/atbegshi-ltx.sty
Package: atbegshi-ltx 2021/01/10 v1.0c Emulation of the original atbegshi
package with kernel methods
)
\Hy@abspage=\count294
\c@Item=\count295
\c@Hfootnote=\count296
)
Package hyperref Info: Driver (autodetected): hpdftex.
 (/usr/local/texlive/2023/texmf-dist/tex/latex/hyperref/hpdftex.def
File: hpdftex.def 2023-07-08 v7.01b Hyperref driver for pdfTeX
 (/usr/local/texlive/2023/texmf-dist/tex/latex/base/atveryend-ltx.sty
Package: atveryend-ltx 2020/08/19 v1.0a Emulation of the original atveryend package
with kernel methods
)
\Fld@listcount=\count297
\c@bookmark@seq@number=\count298
 (/usr/local/texlive/2023/texmf-dist/tex/latex/rerunfilecheck/rerunfilecheck.sty
Package: rerunfilecheck 2022-07-10 v1.10 Rerun checks for auxiliary files (HO)
 (/usr/local/texlive/2023/texmf-dist/tex/generic/uniquecounter/uniquecounter.sty
Package: uniquecounter 2019/12/15 v1.4 Provide unlimited unique counter (HO)
)
Package uniquecounter Info: New unique counter `rerunfilecheck' on input line 285.
)
\Hy@SectionHShift=\skip62
) (/usr/local/texlive/2023/texmf-dist/tex/latex/bookmark/bkm-pdftex.def
File: bkm-pdftex.def 2020-11-06 v1.29 bookmark driver for pdfTeX (HO)
\BKM@id=\count299
))

Package hyperref Warning: Token not allowed in a PDF string (Unicode):
(hyperref)                removing `subscript' on input line 38.

LaTeX Font Info:    Trying to load font information for T1+ubuntulight on input line 42.
(/usr/local/texlive/2023/texmf-dist/tex/latex/ubuntu/t1ubuntulight.fd
File: t1ubuntulight.fd Ubuntu Light Font
) (/usr/local/texlive/2023/texmf-dist/tex/latex/l3backend/l3backend-pdftex.def
File: l3backend-pdftex.def 2023-04-19 L3 backend support: PDF output (pdfTeX)
\l__color_backend_stack_int=\count300
\l__pdf_internal_box=\box102
) (./POSC_588_Syllabus_Proposal.aux)
\openout1 = `POSC_588_Syllabus_Proposal.aux'.

LaTeX Font Info:    Checking defaults for OML/cmm/m/it on input line 42.
LaTeX Font Info:    ... okay on input line 42.
LaTeX Font Info:    Checking defaults for OMS/cmsy/m/n on input line 42.
LaTeX Font Info:    ... okay on input line 42.
LaTeX Font Info:    Checking defaults for OT1/cmr/m/n on input line 42.
LaTeX Font Info:    ... okay on input line 42.
LaTeX Font Info:    Checking defaults for T1/cmr/m/n on input line 42.
LaTeX Font Info:    ... okay on input line 42.
LaTeX Font Info:    Checking defaults for TS1/cmr/m/n on input line 42.
LaTeX Font Info:    ... okay on input line 42.
LaTeX Font Info:    Checking defaults for OMX/cmex/m/n on input line 42.
LaTeX Font Info:    ... okay on input line 42.
LaTeX Font Info:    Checking defaults for U/cmr/m/n on input line 42.
LaTeX Font Info:    ... okay on input line 42.
LaTeX Font Info:    Checking defaults for PD1/pdf/m/n on input line 42.
LaTeX Font Info:    ... okay on input line 42.
LaTeX Font Info:    Checking defaults for PU/pdf/m/n on input line 42.
LaTeX Font Info:    ... okay on input line 42.

*geometry* driver: auto-detecting
*geometry* detected driver: pdftex
*geometry* verbose mode - [ preamble ] result:
* driver: pdftex
* paper: letterpaper
* layout: <same size as paper>
* layoutoffset:(h,v)=(0.0pt,0.0pt)
* modes: 
* h-part:(L,W,R)=(72.26999pt, 469.75502pt, 72.26999pt)
* v-part:(T,H,B)=(72.26999pt, 650.43001pt, 72.26999pt)
* \paperwidth=614.295pt
* \paperheight=794.96999pt
* \textwidth=469.75502pt
* \textheight=650.43001pt
* \oddsidemargin=0.0pt
* \evensidemargin=0.0pt
* \topmargin=-37.0pt
* \headheight=12.0pt
* \headsep=25.0pt
* \topskip=12.0pt
* \footskip=30.0pt
* \marginparwidth=44.0pt
* \marginparsep=10.0pt
* \columnsep=10.0pt
* \skip\footins=10.8pt plus 4.0pt minus 2.0pt
* \hoffset=0.0pt
* \voffset=0.0pt
* \mag=1000
* \@twocolumnfalse
* \@twosidefalse
* \@mparswitchfalse
* \@reversemarginfalse
* (1in=72.27pt=25.4mm, 1cm=28.453pt)

(/usr/local/texlive/2023/texmf-dist/tex/context/base/mkii/supp-pdf.mkii
[Loading MPS to PDF converter (version 2006.09.02).]
\scratchcounter=\count301
\scratchdimen=\dimen196
\scratchbox=\box103
\nofMPsegments=\count302
\nofMParguments=\count303
\everyMPshowfont=\toks27
\MPscratchCnt=\count304
\MPscratchDim=\dimen197
\MPnumerator=\count305
\makeMPintoPDFobject=\count306
\everyMPtoPDFconversion=\toks28
) (/usr/local/texlive/2023/texmf-dist/tex/latex/epstopdf-pkg/epstopdf-base.sty
Package: epstopdf-base 2020-01-24 v2.11 Base part for package epstopdf
Package epstopdf-base Info: Redefining graphics rule for `.eps' on input line 485.
 (/usr/local/texlive/2023/texmf-dist/tex/latex/latexconfig/epstopdf-sys.cfg
File: epstopdf-sys.cfg 2010/07/13 v1.3 Configuration of (r)epstopdf for TeX Live
))
Package caption Info: Begin \AtBeginDocument code.
Package caption Info: float package is loaded.
Package caption Info: hyperref package is loaded.
Package caption Info: End \AtBeginDocument code.
Package hyperref Info: Link coloring OFF on input line 42.
LaTeX Font Info:    External font `cmex10' loaded for size
(Font)              <14.4> on input line 51.
LaTeX Font Info:    External font `cmex10' loaded for size
(Font)              <7> on input line 51.
LaTeX Font Info:    Trying to load font information for TS1+ubuntulight on input line 58.
LaTeX Font Info:    No file TS1ubuntulight.fd. on input line 58.


LaTeX Font Warning: Font shape `TS1/ubuntulight/m/n' undefined
(Font)              using `TS1/cmr/m/n' instead
(Font)              for symbol `textbullet' on input line 58.

LaTeX Font Info:    Trying to load font information for T1+ubuntumono on input line 60.
(/usr/local/texlive/2023/texmf-dist/tex/latex/ubuntu/t1ubuntumono.fd
File: t1ubuntumono.fd Ubuntu Monospace Font
) [1

{/usr/local/texlive/2023/texmf-dist/fonts/enc/ttf2pk/base/T1-WGL4.enc}{/usr/local/texlive/2023/texmf-dist/fonts/enc/dvips/cm-super/cm-super-ts1.enc}] [2] [3] [4] [5] [6] [7] [8] [9]
LaTeX Font Info:    External font `cmex10' loaded for size
(Font)              <12> on input line 349.
LaTeX Font Info:    External font `cmex10' loaded for size
(Font)              <8> on input line 349.
LaTeX Font Info:    External font `cmex10' loaded for size
(Font)              <6> on input line 349.
 [10] [11] [12] (./POSC_588_Syllabus_Proposal.bbl [13])
Underfull \hbox (badness 10000) in paragraph at lines 529--529
[]|\T1/ubuntulight/b/n/10 Satisfactory
 []


Underfull \hbox (badness 10000) in paragraph at lines 529--529
[]|\T1/ubuntulight/b/n/10 Developing
 []


Overfull \hbox (3.12407pt too wide) in paragraph at lines 529--529
[]|\T1/ubuntulight/b/n/10 Understanding
 []


Underfull \hbox (badness 10000) in paragraph at lines 529--529
[]|\T1/ubuntulight/m/n/10 Demonstrates
 []


Underfull \hbox (badness 5878) in paragraph at lines 529--529
\T1/ubuntulight/m/n/10 deep un-der-
 []


Underfull \hbox (badness 2181) in paragraph at lines 529--529
\T1/ubuntulight/m/n/10 stand-ing and
 []


Underfull \hbox (badness 4479) in paragraph at lines 529--529
\T1/ubuntulight/m/n/10 in-sight-ful in-
 []


Underfull \hbox (badness 10000) in paragraph at lines 529--529
\T1/ubuntulight/m/n/10 ter-pre-ta-tion
 []


Underfull \hbox (badness 10000) in paragraph at lines 529--529
\T1/ubuntulight/m/n/10 un-der-stand-ing
 []


Underfull \hbox (badness 10000) in paragraph at lines 529--529
\T1/ubuntulight/m/n/10 and in-ter-
 []


Underfull \hbox (badness 6725) in paragraph at lines 529--529
\T1/ubuntulight/m/n/10 pre-ta-tion of
 []


Underfull \hbox (badness 10000) in paragraph at lines 529--529
\T1/ubuntulight/m/n/10 mi-nor omis-
 []


Underfull \hbox (badness 10000) in paragraph at lines 529--529
\T1/ubuntulight/m/n/10 un-der-stand-ing
 []


Underfull \hbox (badness 3635) in paragraph at lines 529--529
\T1/ubuntulight/m/n/10 some sig-nif-i-
 []


Underfull \hbox (badness 10000) in paragraph at lines 529--529
[]|\T1/ubuntulight/m/n/10 Limited un-
 []


Underfull \hbox (badness 10000) in paragraph at lines 529--529
\T1/ubuntulight/m/n/10 der-stand-ing
 []


Underfull \hbox (badness 1184) in paragraph at lines 529--529
\T1/ubuntulight/m/n/10 of the read-
 []


Underfull \hbox (badness 4217) in paragraph at lines 529--529
\T1/ubuntulight/m/n/10 omis-sions or
 []


Underfull \hbox (badness 10000) in paragraph at lines 529--529
\T1/ubuntulight/m/n/10 mis-in-ter-pre-ta-
 []


Underfull \hbox (badness 10000) in paragraph at lines 529--529
[]|\T1/ubuntulight/m/n/10 Demonstrates
 []


Underfull \hbox (badness 10000) in paragraph at lines 529--529
\T1/ubuntulight/m/n/10 un-der-stand-ing
 []


Underfull \hbox (badness 1184) in paragraph at lines 529--529
\T1/ubuntulight/m/n/10 of the read-
 []


Underfull \hbox (badness 10000) in paragraph at lines 529--529
[]|\T1/ubuntulight/b/n/10 Identification
 []


Underfull \hbox (badness 10000) in paragraph at lines 529--529
[]|\T1/ubuntulight/m/n/10 Clearly and
 []


Underfull \hbox (badness 10000) in paragraph at lines 529--529
\T1/ubuntulight/m/n/10 com-pre-hen-
 []


Underfull \hbox (badness 10000) in paragraph at lines 529--529
\T1/ubuntulight/m/n/10 all ma-jor
 []


Underfull \hbox (badness 10000) in paragraph at lines 529--529
\T1/ubuntulight/m/n/10 themes and
 []


Underfull \hbox (badness 10000) in paragraph at lines 529--529
\T1/ubuntulight/m/n/10 pat-terns
 []


Underfull \hbox (badness 10000) in paragraph at lines 529--529
\T1/ubuntulight/m/n/10 across the
 []


Underfull \hbox (badness 1072) in paragraph at lines 529--529
\T1/ubuntulight/m/n/10 and pat-terns.
 []


Underfull \hbox (badness 10000) in paragraph at lines 529--529
[]|\T1/ubuntulight/m/n/10 Identifies
 []


Underfull \hbox (badness 10000) in paragraph at lines 529--529
[]|\T1/ubuntulight/m/n/10 Struggles
 []


Underfull \hbox (badness 10000) in paragraph at lines 529--529
\T1/ubuntulight/m/n/10 to iden-tify
 []


Underfull \hbox (badness 10000) in paragraph at lines 529--529
\T1/ubuntulight/m/n/10 themes and
 []


Underfull \hbox (badness 10000) in paragraph at lines 529--529
\T1/ubuntulight/m/n/10 pat-terns.
 []


Underfull \hbox (badness 10000) in paragraph at lines 529--529
\T1/ubuntulight/m/n/10 Many omis-
 []


Underfull \hbox (badness 10000) in paragraph at lines 529--529
\T1/ubuntulight/m/n/10 any themes
 []


Underfull \hbox (badness 10000) in paragraph at lines 529--529
[]|\T1/ubuntulight/b/n/10 Analysis &
 []


Underfull \hbox (badness 2573) in paragraph at lines 529--529
\T1/ubuntulight/m/n/10 and nu-anced
 []


Underfull \hbox (badness 10000) in paragraph at lines 529--529
\T1/ubuntulight/m/n/10 so-phis-ti-cated
 []


Underfull \hbox (badness 10000) in paragraph at lines 529--529
\T1/ubuntulight/m/n/10 con-nec-tions,
 []


Underfull \hbox (badness 4229) in paragraph at lines 529--529
\T1/ubuntulight/m/n/10 and crit-i-cally
 []


Underfull \hbox (badness 10000) in paragraph at lines 529--529
[]|\T1/ubuntulight/m/n/10 Provides a
 []


Underfull \hbox (badness 10000) in paragraph at lines 529--529
\T1/ubuntulight/m/n/10 con-nec-tions,
 []


Underfull \hbox (badness 1688) in paragraph at lines 529--529
\T1/ubuntulight/m/n/10 some con-tra-
 []


Underfull \hbox (badness 6775) in paragraph at lines 529--529
\T1/ubuntulight/m/n/10 and con-nec-
 []


Underfull \hbox (badness 10000) in paragraph at lines 529--529
\T1/ubuntulight/m/n/10 not ad-dress
 []


Underfull \hbox (badness 10000) in paragraph at lines 529--529
\T1/ubuntulight/m/n/10 con-tra-dic-
 []


Underfull \hbox (badness 10000) in paragraph at lines 529--529
\T1/ubuntulight/m/n/10 con-nec-tions.
 []


Underfull \hbox (badness 2277) in paragraph at lines 529--529
\T1/ubuntulight/m/n/10 Many missed
 []


Underfull \hbox (badness 10000) in paragraph at lines 529--529
\T1/ubuntulight/m/n/10 op-por-tu-ni-ties
 []


Underfull \hbox (badness 10000) in paragraph at lines 529--529
\T1/ubuntulight/m/n/10 for deeper
 []


Underfull \hbox (badness 10000) in paragraph at lines 529--529
\T1/ubuntulight/m/n/10 anal-y-sis. No
 []


Underfull \hbox (badness 10000) in paragraph at lines 529--529
\T1/ubuntulight/m/n/10 con-nec-tions
 []


Underfull \hbox (badness 7649) in paragraph at lines 529--529
[]|\T1/ubuntulight/b/n/10 Structure &
 []


Underfull \hbox (badness 10000) in paragraph at lines 529--529
[]|\T1/ubuntulight/m/n/10 Ideas are
 []


Underfull \hbox (badness 10000) in paragraph at lines 529--529
\T1/ubuntulight/m/n/10 or-ga-nized
 []


Underfull \hbox (badness 2245) in paragraph at lines 529--529
\T1/ubuntulight/m/n/10 in a log-i-cal,
 []


Underfull \hbox (badness 1019) in paragraph at lines 529--529
\T1/ubuntulight/m/n/10 en-hances the
 []


Underfull \hbox (badness 10000) in paragraph at lines 529--529
\T1/ubuntulight/m/n/10 un-der-stand-
 []


Underfull \hbox (badness 10000) in paragraph at lines 529--529
[]|\T1/ubuntulight/m/n/10 Ideas are
 []


Underfull \hbox (badness 10000) in paragraph at lines 529--529
\T1/ubuntulight/m/n/10 mostly well
 []


Underfull \hbox (badness 4132) in paragraph at lines 529--529
\T1/ubuntulight/m/n/10 or-ga-nized. A
 []


Underfull \hbox (badness 10000) in paragraph at lines 529--529
\T1/ubuntulight/m/n/10 few mi-nor
 []


Underfull \hbox (badness 4859) in paragraph at lines 529--529
\T1/ubuntulight/m/n/10 struc-tural is-
 []


Underfull \hbox (badness 1320) in paragraph at lines 529--529
\T1/ubuntulight/m/n/10 don't ma-jorly
 []


Underfull \hbox (badness 10000) in paragraph at lines 529--529
[]|\T1/ubuntulight/m/n/10 Organization
 []


Underfull \hbox (badness 4024) in paragraph at lines 529--529
\T1/ubuntulight/m/n/10 is some-what
 []


Underfull \hbox (badness 10000) in paragraph at lines 529--529
\T1/ubuntulight/m/n/10 clear, but
 []


Underfull \hbox (badness 10000) in paragraph at lines 529--529
\T1/ubuntulight/m/n/10 reader may
 []


Underfull \hbox (badness 4096) in paragraph at lines 529--529
\T1/ubuntulight/m/n/10 get lost at
 []


Underfull \hbox (badness 5417) in paragraph at lines 529--529
\T1/ubuntulight/m/n/10 times. Some
 []


Underfull \hbox (badness 10000) in paragraph at lines 529--529
\T1/ubuntulight/m/n/10 ar-eas lack
 []


Underfull \hbox (badness 8170) in paragraph at lines 529--529
\T1/ubuntulight/m/n/10 struc-ture or
 []


Underfull \hbox (badness 10000) in paragraph at lines 529--529
\T1/ubuntulight/m/n/10 or-ga-ni-za-tion.
 []


Underfull \hbox (badness 10000) in paragraph at lines 529--529
[]|\T1/ubuntulight/m/n/10 Writing is
 []


Underfull \hbox (badness 10000) in paragraph at lines 529--529
\T1/ubuntulight/m/n/10 and jargon-
 []


Underfull \hbox (badness 10000) in paragraph at lines 529--529
\T1/ubuntulight/m/n/10 free. No
 []


Underfull \hbox (badness 10000) in paragraph at lines 529--529
\T1/ubuntulight/m/n/10 gram-mat-i-cal
 []


Underfull \hbox (badness 10000) in paragraph at lines 529--529
\T1/ubuntulight/m/n/10 or stylis-tic
 []


Underfull \hbox (badness 10000) in paragraph at lines 529--529
[]|\T1/ubuntulight/m/n/10 Writing is
 []


Underfull \hbox (badness 6708) in paragraph at lines 529--529
\T1/ubuntulight/m/n/10 mostly clear
 []


Underfull \hbox (badness 10000) in paragraph at lines 529--529
\T1/ubuntulight/m/n/10 with mi-nor
 []


Underfull \hbox (badness 10000) in paragraph at lines 529--529
\T1/ubuntulight/m/n/10 stylis-tic or
 []


Underfull \hbox (badness 10000) in paragraph at lines 529--529
\T1/ubuntulight/m/n/10 gram-mat-i-cal
 []


Underfull \hbox (badness 2189) in paragraph at lines 529--529
\T1/ubuntulight/m/n/10 is-sues. Might
 []


Underfull \hbox (badness 10000) in paragraph at lines 529--529
\T1/ubuntulight/m/n/10 have oc-ca-
 []


Underfull \hbox (badness 10000) in paragraph at lines 529--529
[]|\T1/ubuntulight/m/n/10 Writing is
 []


Underfull \hbox (badness 10000) in paragraph at lines 529--529
\T1/ubuntulight/m/n/10 some-what
 []


Underfull \hbox (badness 10000) in paragraph at lines 529--529
\T1/ubuntulight/m/n/10 be ver-bose
 []


Underfull \hbox (badness 10000) in paragraph at lines 529--529
\T1/ubuntulight/m/n/10 gram-mat-i-cal
 []


Underfull \hbox (badness 10000) in paragraph at lines 529--529
[]|\T1/ubuntulight/m/n/10 Writing is
 []


Underfull \hbox (badness 10000) in paragraph at lines 529--529
\T1/ubuntulight/m/n/10 and many
 []


Underfull \hbox (badness 10000) in paragraph at lines 529--529
\T1/ubuntulight/m/n/10 gram-mat-i-cal
 []


Underfull \hbox (badness 10000) in paragraph at lines 529--529
[]|\T1/ubuntulight/m/n/10 Writing is
 []


Underfull \hbox (badness 10000) in paragraph at lines 529--529
\T1/ubuntulight/m/n/10 con-sis-tently
 []


Underfull \hbox (badness 10000) in paragraph at lines 529--529
\T1/ubuntulight/m/n/10 gram-mat-i-cal
 []

[14] [15] (./POSC_588_Syllabus_Proposal.aux)
 ***********
LaTeX2e <2023-06-01> patch level 1
L3 programming layer <2023-06-30>
 ***********


LaTeX Font Warning: Some font shapes were not available, defaults substituted.

 ) 
Here is how much of TeX's memory you used:
 14093 strings out of 475237
 226562 string characters out of 5764553
 1938244 words of memory out of 5000000
 35027 multiletter control sequences out of 15000+600000
 567086 words of font info for 61 fonts, out of 8000000 for 9000
 1141 hyphenation exceptions out of 8191
 77i,10n,81p,867b,767s stack positions out of 10000i,1000n,20000p,200000b,200000s
</usr/local/texlive/2023/texmf-dist/fonts/type1/public/cm-super/sfrm1200.pfb></usr/local/texlive/2023/texmf-dist/fonts/type1/public/ubuntu/ubuntul.pfb></usr/local/texlive/2023/texmf-dist/fonts/type1/public/ubuntu/ubuntuli.pfb></usr/local/texlive/2023/texmf-dist/fonts/type1/public/ubuntu/ubuntum.pfb></usr/local/texlive/2023/texmf-dist/fonts/type1/public/ubuntu/ubuntumono.pfb>
Output written on POSC_588_Syllabus_Proposal.pdf (15 pages, 101369 bytes).
PDF statistics:
 397 PDF objects out of 1000 (max. 8388607)
 366 compressed objects within 4 object streams
 121 named destinations out of 1000 (max. 500000)
 177 words of extra memory for PDF output out of 10000 (max. 10000000)

