This is pdfTeX, Version 3.141592653-2.6-1.40.26 (TeX Live 2024/Homebrew) (preloaded format=pdflatex 2024.3.20)  21 MAR 2024 11:57
entering extended mode
 restricted \write18 enabled.
 file:line:error style messages enabled.
 %&-line parsing enabled.
**"/Users/dpadams/Nextcloud/Classes/syllabi/POSC 521/2023-24 Fall/new_521_syllabus.tex"
(/Users/dpadams/Nextcloud/Classes/syllabi/POSC 521/2023-24 Fall/new_521_syllabus.tex
LaTeX2e <2023-11-01> patch level 1
L3 programming layer <2024-02-20>
(/opt/homebrew/Cellar/texlive/20240312/share/texmf-dist/tex/latex/base/article.cls
Document Class: article 2023/05/17 v1.4n Standard LaTeX document class
(/opt/homebrew/Cellar/texlive/20240312/share/texmf-dist/tex/latex/base/size12.clo
File: size12.clo 2023/05/17 v1.4n Standard LaTeX file (size option)
)
\c@part=\count188
\c@section=\count189
\c@subsection=\count190
\c@subsubsection=\count191
\c@paragraph=\count192
\c@subparagraph=\count193
\c@figure=\count194
\c@table=\count195
\abovecaptionskip=\skip48
\belowcaptionskip=\skip49
\bibindent=\dimen140
) (/opt/homebrew/Cellar/texlive/20240312/share/texmf-dist/tex/generic/babel/babel.sty
Package: babel 2024/02/07 v24.2 The Babel package
\babel@savecnt=\count196
\U@D=\dimen141
\l@unhyphenated=\language89
 (/opt/homebrew/Cellar/texlive/20240312/share/texmf-dist/tex/generic/babel/txtbabel.def)
\bbl@readstream=\read2
\bbl@dirlevel=\count197
 (/opt/homebrew/Cellar/texlive/20240312/share/texmf-dist/tex/generic/babel-english/english.ldf
Language: english 2017/06/06 v3.3r English support from the babel system
Package babel Info: Hyphen rules for 'canadian' set to \l@english
(babel)             (\language0). Reported on input line 102.
Package babel Info: Hyphen rules for 'australian' set to \l@ukenglish
(babel)             (\language23). Reported on input line 105.
Package babel Info: Hyphen rules for 'newzealand' set to \l@ukenglish
(babel)             (\language23). Reported on input line 108.
)) (/opt/homebrew/Cellar/texlive/20240312/share/texmf-dist/tex/generic/babel/locale/en/babel-english.tex
Package babel Info: Importing font and identification data for english
(babel)             from babel-en.ini. Reported on input line 11.
) (/opt/homebrew/Cellar/texlive/20240312/share/texmf-dist/tex/latex/base/fontenc.sty
Package: fontenc 2021/04/29 v2.0v Standard LaTeX package
) (/opt/homebrew/Cellar/texlive/20240312/share/texmf-dist/tex/latex/geometry/geometry.sty
Package: geometry 2020/01/02 v5.9 Page Geometry
 (/opt/homebrew/Cellar/texlive/20240312/share/texmf-dist/tex/latex/graphics/keyval.sty
Package: keyval 2022/05/29 v1.15 key=value parser (DPC)
\KV@toks@=\toks17
) (/opt/homebrew/Cellar/texlive/20240312/share/texmf-dist/tex/generic/iftex/ifvtex.sty
Package: ifvtex 2019/10/25 v1.7 ifvtex legacy package. Use iftex instead.
 (/opt/homebrew/Cellar/texlive/20240312/share/texmf-dist/tex/generic/iftex/iftex.sty
Package: iftex 2022/02/03 v1.0f TeX engine tests
))
\Gm@cnth=\count198
\Gm@cntv=\count199
\c@Gm@tempcnt=\count266
\Gm@bindingoffset=\dimen142
\Gm@wd@mp=\dimen143
\Gm@odd@mp=\dimen144
\Gm@even@mp=\dimen145
\Gm@layoutwidth=\dimen146
\Gm@layoutheight=\dimen147
\Gm@layouthoffset=\dimen148
\Gm@layoutvoffset=\dimen149
\Gm@dimlist=\toks18
) (/opt/homebrew/Cellar/texlive/20240312/share/texmf-dist/tex/latex/xcolor/xcolor.sty
Package: xcolor 2023/11/15 v3.01 LaTeX color extensions (UK)
 (/opt/homebrew/Cellar/texlive/20240312/share/texmf-dist/tex/latex/graphics-cfg/color.cfg
File: color.cfg 2016/01/02 v1.6 sample color configuration
)
Package xcolor Info: Driver file: pdftex.def on input line 274.
 (/opt/homebrew/Cellar/texlive/20240312/share/texmf-dist/tex/latex/graphics-def/pdftex.def
File: pdftex.def 2022/09/22 v1.2b Graphics/color driver for pdftex
) (/opt/homebrew/Cellar/texlive/20240312/share/texmf-dist/tex/latex/graphics/mathcolor.ltx)
Package xcolor Info: Model `cmy' substituted by `cmy0' on input line 1350.
Package xcolor Info: Model `hsb' substituted by `rgb' on input line 1354.
Package xcolor Info: Model `RGB' extended on input line 1366.
Package xcolor Info: Model `HTML' substituted by `rgb' on input line 1368.
Package xcolor Info: Model `Hsb' substituted by `hsb' on input line 1369.
Package xcolor Info: Model `tHsb' substituted by `hsb' on input line 1370.
Package xcolor Info: Model `HSB' substituted by `hsb' on input line 1371.
Package xcolor Info: Model `Gray' substituted by `gray' on input line 1372.
Package xcolor Info: Model `wave' substituted by `hsb' on input line 1373.
) (/opt/homebrew/Cellar/texlive/20240312/share/texmf-dist/tex/latex/url/url.sty
\Urlmuskip=\muskip16
Package: url 2013/09/16  ver 3.4  Verb mode for urls, etc.
) (/opt/homebrew/Cellar/texlive/20240312/share/texmf-dist/tex/latex/base/inputenc.sty
Package: inputenc 2021/02/14 v1.3d Input encoding file
\inpenc@prehook=\toks19
\inpenc@posthook=\toks20
) (/opt/homebrew/Cellar/texlive/20240312/share/texmf-dist/tex/latex/tools/tabularx.sty
Package: tabularx 2023/07/08 v2.11c `tabularx' package (DPC)
 (/opt/homebrew/Cellar/texlive/20240312/share/texmf-dist/tex/latex/tools/array.sty
Package: array 2023/10/16 v2.5g Tabular extension package (FMi)
\col@sep=\dimen150
\ar@mcellbox=\box51
\extrarowheight=\dimen151
\NC@list=\toks21
\extratabsurround=\skip50
\backup@length=\skip51
\ar@cellbox=\box52
)
\TX@col@width=\dimen152
\TX@old@table=\dimen153
\TX@old@col=\dimen154
\TX@target=\dimen155
\TX@delta=\dimen156
\TX@cols=\count267
\TX@ftn=\toks22
) (/opt/homebrew/Cellar/texlive/20240312/share/texmf-dist/tex/latex/booktabs/booktabs.sty
Package: booktabs 2020/01/12 v1.61803398 Publication quality tables
\heavyrulewidth=\dimen157
\lightrulewidth=\dimen158
\cmidrulewidth=\dimen159
\belowrulesep=\dimen160
\belowbottomsep=\dimen161
\aboverulesep=\dimen162
\abovetopsep=\dimen163
\cmidrulesep=\dimen164
\cmidrulekern=\dimen165
\defaultaddspace=\dimen166
\@cmidla=\count268
\@cmidlb=\count269
\@aboverulesep=\dimen167
\@belowrulesep=\dimen168
\@thisruleclass=\count270
\@lastruleclass=\count271
\@thisrulewidth=\dimen169
) (/opt/homebrew/Cellar/texlive/20240312/share/texmf-dist/tex/latex/tools/multicol.sty
Package: multicol 2023/03/30 v1.9f multicolumn formatting (FMi)
\c@tracingmulticols=\count272
\mult@box=\box53
\multicol@leftmargin=\dimen170
\c@unbalance=\count273
\c@collectmore=\count274
\doublecol@number=\count275
\multicoltolerance=\count276
\multicolpretolerance=\count277
\full@width=\dimen171
\page@free=\dimen172
\premulticols=\dimen173
\postmulticols=\dimen174
\multicolsep=\skip52
\multicolbaselineskip=\skip53
\partial@page=\box54
\last@line=\box55
\mc@boxedresult=\box56
\maxbalancingoverflow=\dimen175
\mult@rightbox=\box57
\mult@grightbox=\box58
\mult@firstbox=\box59
\mult@gfirstbox=\box60
\@tempa=\box61
\@tempa=\box62
\@tempa=\box63
\@tempa=\box64
\@tempa=\box65
\@tempa=\box66
\@tempa=\box67
\@tempa=\box68
\@tempa=\box69
\@tempa=\box70
\@tempa=\box71
\@tempa=\box72
\@tempa=\box73
\@tempa=\box74
\@tempa=\box75
\@tempa=\box76
\@tempa=\box77
\@tempa=\box78
\@tempa=\box79
\@tempa=\box80
\@tempa=\box81
\@tempa=\box82
\@tempa=\box83
\@tempa=\box84
\@tempa=\box85
\@tempa=\box86
\@tempa=\box87
\@tempa=\box88
\@tempa=\box89
\@tempa=\box90
\@tempa=\box91
\@tempa=\box92
\@tempa=\box93
\@tempa=\box94
\@tempa=\box95
\@tempa=\box96
\c@minrows=\count278
\c@columnbadness=\count279
\c@finalcolumnbadness=\count280
\last@try=\dimen176
\multicolovershoot=\dimen177
\multicolundershoot=\dimen178
\mult@nat@firstbox=\box97
\colbreak@box=\box98
\mc@col@check@num=\count281
) (/opt/homebrew/Cellar/texlive/20240312/share/texmf-dist/tex/latex/eso-pic/eso-pic.sty
Package: eso-pic 2023/05/03 v3.0c eso-pic (RN)
\ESO@tempdima=\dimen179
\ESO@tempdimb=\dimen180
) (/opt/homebrew/Cellar/texlive/20240312/share/texmf-dist/tex/latex/natbib/natbib.sty
Package: natbib 2010/09/13 8.31b (PWD, AO)
\bibhang=\skip54
\bibsep=\skip55
LaTeX Info: Redefining \cite on input line 694.
\c@NAT@ctr=\count282
) (/opt/homebrew/Cellar/texlive/20240312/share/texmf-dist/tex/latex/caption/caption.sty
Package: caption 2023/08/05 v3.6o Customizing captions (AR)
 (/opt/homebrew/Cellar/texlive/20240312/share/texmf-dist/tex/latex/caption/caption3.sty
Package: caption3 2023/07/31 v2.4d caption3 kernel (AR)
\caption@tempdima=\dimen181
\captionmargin=\dimen182
\caption@leftmargin=\dimen183
\caption@rightmargin=\dimen184
\caption@width=\dimen185
\caption@indent=\dimen186
\caption@parindent=\dimen187
\caption@hangindent=\dimen188
Package caption Info: Standard document class detected.
)
\c@caption@flags=\count283
\c@continuedfloat=\count284
) (/opt/homebrew/Cellar/texlive/20240312/share/texmf-dist/tex/latex/caption/subcaption.sty
Package: subcaption 2023/07/28 v1.6b Sub-captions (AR)
Package caption Info: New subtype `subfigure' on input line 238.
\c@subfigure=\count285
Package caption Info: New subtype `subtable' on input line 238.
\c@subtable=\count286
) (/opt/homebrew/Cellar/texlive/20240312/share/texmf-dist/tex/latex/setspace/setspace.sty
Package: setspace 2022/12/04 v6.7b set line spacing
) (/opt/homebrew/Cellar/texlive/20240312/share/texmf-dist/tex/latex/paralist/paralist.sty
Package: paralist 2017/01/22 v2.7 Extended list environments
\pltopsep=\skip56
\plpartopsep=\skip57
\plitemsep=\skip58
\plparsep=\skip59
\pl@lab=\toks23
) (/opt/homebrew/Cellar/texlive/20240312/share/texmf-dist/tex/latex/quoting/quoting.sty
Package: quoting 2014/01/28 v0.1c Consolidated environment for displayed text
 (/opt/homebrew/Cellar/texlive/20240312/share/texmf-dist/tex/latex/etoolbox/etoolbox.sty
Package: etoolbox 2020/10/05 v2.5k e-TeX tools for LaTeX (JAW)
\etb@tempcnta=\count287
) (/opt/homebrew/Cellar/texlive/20240312/share/texmf-dist/tex/latex/kvoptions/kvoptions.sty
Package: kvoptions 2022-06-15 v3.15 Key value format for package options (HO)
 (/opt/homebrew/Cellar/texlive/20240312/share/texmf-dist/tex/generic/ltxcmds/ltxcmds.sty
Package: ltxcmds 2023-12-04 v1.26 LaTeX kernel commands for general use (HO)
) (/opt/homebrew/Cellar/texlive/20240312/share/texmf-dist/tex/latex/kvsetkeys/kvsetkeys.sty
Package: kvsetkeys 2022-10-05 v1.19 Key value parser (HO)
))
\quo@toppartop=\skip60
) (/opt/homebrew/Cellar/texlive/20240312/share/texmf-dist/tex/latex/comment/comment.sty
\CommentStream=\write3
 Excluding comment 'comment') (/opt/homebrew/Cellar/texlive/20240312/share/texmf-dist/tex/latex/enumitem/enumitem.sty
Package: enumitem 2019/06/20 v3.9 Customized lists
\labelindent=\skip61
\enit@outerparindent=\dimen189
\enit@toks=\toks24
\enit@inbox=\box99
\enit@count@id=\count288
\enitdp@description=\count289
) (/opt/homebrew/Cellar/texlive/20240312/share/texmf-dist/tex/latex/graphics/graphicx.sty
Package: graphicx 2021/09/16 v1.2d Enhanced LaTeX Graphics (DPC,SPQR)
 (/opt/homebrew/Cellar/texlive/20240312/share/texmf-dist/tex/latex/graphics/graphics.sty
Package: graphics 2022/03/10 v1.4e Standard LaTeX Graphics (DPC,SPQR)
 (/opt/homebrew/Cellar/texlive/20240312/share/texmf-dist/tex/latex/graphics/trig.sty
Package: trig 2021/08/11 v1.11 sin cos tan (DPC)
) (/opt/homebrew/Cellar/texlive/20240312/share/texmf-dist/tex/latex/graphics-cfg/graphics.cfg
File: graphics.cfg 2016/06/04 v1.11 sample graphics configuration
)
Package graphics Info: Driver file: pdftex.def on input line 107.
)
\Gin@req@height=\dimen190
\Gin@req@width=\dimen191
) (/opt/homebrew/Cellar/texlive/20240312/share/texmf-dist/tex/latex/float/float.sty
Package: float 2001/11/08 v1.3d Float enhancements (AL)
\c@float@type=\count290
\float@exts=\toks25
\float@box=\box100
\@float@everytoks=\toks26
\@floatcapt=\box101
) (/opt/homebrew/Cellar/texlive/20240312/share/texmf-dist/tex/latex/bookmark/bookmark.sty
Package: bookmark 2023-12-10 v1.31 PDF bookmarks (HO)
 (/opt/homebrew/Cellar/texlive/20240312/share/texmf-dist/tex/latex/hyperref/hyperref.sty
Package: hyperref 2024-01-20 v7.01h Hypertext links for LaTeX
 (/opt/homebrew/Cellar/texlive/20240312/share/texmf-dist/tex/generic/kvdefinekeys/kvdefinekeys.sty
Package: kvdefinekeys 2019-12-19 v1.6 Define keys (HO)
) (/opt/homebrew/Cellar/texlive/20240312/share/texmf-dist/tex/generic/pdfescape/pdfescape.sty
Package: pdfescape 2019/12/09 v1.15 Implements pdfTeX's escape features (HO)
 (/opt/homebrew/Cellar/texlive/20240312/share/texmf-dist/tex/generic/pdftexcmds/pdftexcmds.sty
Package: pdftexcmds 2020-06-27 v0.33 Utility functions of pdfTeX for LuaTeX (HO)
 (/opt/homebrew/Cellar/texlive/20240312/share/texmf-dist/tex/generic/infwarerr/infwarerr.sty
Package: infwarerr 2019/12/03 v1.5 Providing info/warning/error messages (HO)
)
Package pdftexcmds Info: \pdf@primitive is available.
Package pdftexcmds Info: \pdf@ifprimitive is available.
Package pdftexcmds Info: \pdfdraftmode found.
)) (/opt/homebrew/Cellar/texlive/20240312/share/texmf-dist/tex/latex/hycolor/hycolor.sty
Package: hycolor 2020-01-27 v1.10 Color options for hyperref/bookmark (HO)
) (/opt/homebrew/Cellar/texlive/20240312/share/texmf-dist/tex/latex/auxhook/auxhook.sty
Package: auxhook 2019-12-17 v1.6 Hooks for auxiliary files (HO)
) (/opt/homebrew/Cellar/texlive/20240312/share/texmf-dist/tex/latex/hyperref/nameref.sty
Package: nameref 2023-11-26 v2.56 Cross-referencing by name of section
 (/opt/homebrew/Cellar/texlive/20240312/share/texmf-dist/tex/latex/refcount/refcount.sty
Package: refcount 2019/12/15 v3.6 Data extraction from label references (HO)
) (/opt/homebrew/Cellar/texlive/20240312/share/texmf-dist/tex/generic/gettitlestring/gettitlestring.sty
Package: gettitlestring 2019/12/15 v1.6 Cleanup title references (HO)
)
\c@section@level=\count291
)
\@linkdim=\dimen192
\Hy@linkcounter=\count292
\Hy@pagecounter=\count293
 (/opt/homebrew/Cellar/texlive/20240312/share/texmf-dist/tex/latex/hyperref/pd1enc.def
File: pd1enc.def 2024-01-20 v7.01h Hyperref: PDFDocEncoding definition (HO)
Now handling font encoding PD1 ...
... no UTF-8 mapping file for font encoding PD1
) (/opt/homebrew/Cellar/texlive/20240312/share/texmf-dist/tex/generic/intcalc/intcalc.sty
Package: intcalc 2019/12/15 v1.3 Expandable calculations with integers (HO)
)
\Hy@SavedSpaceFactor=\count294
 (/opt/homebrew/Cellar/texlive/20240312/share/texmf-dist/tex/latex/hyperref/puenc.def
File: puenc.def 2024-01-20 v7.01h Hyperref: PDF Unicode definition (HO)
Now handling font encoding PU ...
... no UTF-8 mapping file for font encoding PU
)
Package hyperref Info: Hyper figures OFF on input line 4179.
Package hyperref Info: Link nesting OFF on input line 4184.
Package hyperref Info: Hyper index ON on input line 4187.
Package hyperref Info: Plain pages OFF on input line 4194.
Package hyperref Info: Backreferencing OFF on input line 4199.
Package hyperref Info: Implicit mode ON; LaTeX internals redefined.
Package hyperref Info: Bookmarks ON on input line 4446.
\c@Hy@tempcnt=\count295
LaTeX Info: Redefining \url on input line 4784.
\XeTeXLinkMargin=\dimen193
 (/opt/homebrew/Cellar/texlive/20240312/share/texmf-dist/tex/generic/bitset/bitset.sty
Package: bitset 2019/12/09 v1.3 Handle bit-vector datatype (HO)
 (/opt/homebrew/Cellar/texlive/20240312/share/texmf-dist/tex/generic/bigintcalc/bigintcalc.sty
Package: bigintcalc 2019/12/15 v1.5 Expandable calculations on big integers (HO)
))
\Fld@menulength=\count296
\Field@Width=\dimen194
\Fld@charsize=\dimen195
Package hyperref Info: Hyper figures OFF on input line 6063.
Package hyperref Info: Link nesting OFF on input line 6068.
Package hyperref Info: Hyper index ON on input line 6071.
Package hyperref Info: backreferencing OFF on input line 6078.
Package hyperref Info: Link coloring OFF on input line 6083.
Package hyperref Info: Link coloring with OCG OFF on input line 6088.
Package hyperref Info: PDF/A mode OFF on input line 6093.
 (/opt/homebrew/Cellar/texlive/20240312/share/texmf-dist/tex/latex/base/atbegshi-ltx.sty
Package: atbegshi-ltx 2021/01/10 v1.0c Emulation of the original atbegshi
package with kernel methods
)
\Hy@abspage=\count297
\c@Item=\count298
\c@Hfootnote=\count299
)
Package hyperref Info: Driver (autodetected): hpdftex.
 (/opt/homebrew/Cellar/texlive/20240312/share/texmf-dist/tex/latex/hyperref/hpdftex.def
File: hpdftex.def 2024-01-20 v7.01h Hyperref driver for pdfTeX
 (/opt/homebrew/Cellar/texlive/20240312/share/texmf-dist/tex/latex/base/atveryend-ltx.sty
Package: atveryend-ltx 2020/08/19 v1.0a Emulation of the original atveryend package
with kernel methods
)
\Fld@listcount=\count300
\c@bookmark@seq@number=\count301
 (/opt/homebrew/Cellar/texlive/20240312/share/texmf-dist/tex/latex/rerunfilecheck/rerunfilecheck.sty
Package: rerunfilecheck 2022-07-10 v1.10 Rerun checks for auxiliary files (HO)
 (/opt/homebrew/Cellar/texlive/20240312/share/texmf-dist/tex/generic/uniquecounter/uniquecounter.sty
Package: uniquecounter 2019/12/15 v1.4 Provide unlimited unique counter (HO)
)
Package uniquecounter Info: New unique counter `rerunfilecheck' on input line 285.
)
\Hy@SectionHShift=\skip62
) (/opt/homebrew/Cellar/texlive/20240312/share/texmf-dist/tex/latex/bookmark/bkm-pdftex.def
File: bkm-pdftex.def 2023-12-10 v1.31 bookmark driver for pdfTeX and luaTeX (HO)
\BKM@id=\count302
)) (/opt/homebrew/Cellar/texlive/20240312/share/texmf-dist/tex/latex/fancyhdr/fancyhdr.sty
Package: fancyhdr 2022/11/09 v4.1 Extensive control of page headers and footers
\f@nch@headwidth=\skip63
\f@nch@O@elh=\skip64
\f@nch@O@erh=\skip65
\f@nch@O@olh=\skip66
\f@nch@O@orh=\skip67
\f@nch@O@elf=\skip68
\f@nch@O@erf=\skip69
\f@nch@O@olf=\skip70
\f@nch@O@orf=\skip71
) (/opt/homebrew/Cellar/texlive/20240312/share/texmf-dist/tex/latex/titlesec/titlesec.sty
Package: titlesec 2023/10/27 v2.16 Sectioning titles
\ttl@box=\box102
\beforetitleunit=\skip72
\aftertitleunit=\skip73
\ttl@plus=\dimen196
\ttl@minus=\dimen197
\ttl@toksa=\toks27
\titlewidth=\dimen198
\titlewidthlast=\dimen199
\titlewidthfirst=\dimen256
) (/opt/homebrew/Cellar/texlive/20240312/share/texmf-dist/tex/latex/l3backend/l3backend-pdftex.def
File: l3backend-pdftex.def 2024-02-20 L3 backend support: PDF output (pdfTeX)
\l__color_backend_stack_int=\count303
\l__pdf_internal_box=\box103
) (./new_521_syllabus.aux)
\openout1 = `new_521_syllabus.aux'.

LaTeX Font Info:    Checking defaults for OML/cmm/m/it on input line 62.
LaTeX Font Info:    ... okay on input line 62.
LaTeX Font Info:    Checking defaults for OMS/cmsy/m/n on input line 62.
LaTeX Font Info:    ... okay on input line 62.
LaTeX Font Info:    Checking defaults for OT1/cmr/m/n on input line 62.
LaTeX Font Info:    ... okay on input line 62.
LaTeX Font Info:    Checking defaults for T1/cmr/m/n on input line 62.
LaTeX Font Info:    ... okay on input line 62.
LaTeX Font Info:    Checking defaults for TS1/cmr/m/n on input line 62.
LaTeX Font Info:    ... okay on input line 62.
LaTeX Font Info:    Checking defaults for OMX/cmex/m/n on input line 62.
LaTeX Font Info:    ... okay on input line 62.
LaTeX Font Info:    Checking defaults for U/cmr/m/n on input line 62.
LaTeX Font Info:    ... okay on input line 62.
LaTeX Font Info:    Checking defaults for PD1/pdf/m/n on input line 62.
LaTeX Font Info:    ... okay on input line 62.
LaTeX Font Info:    Checking defaults for PU/pdf/m/n on input line 62.
LaTeX Font Info:    ... okay on input line 62.

*geometry* driver: auto-detecting
*geometry* detected driver: pdftex
*geometry* verbose mode - [ preamble ] result:
* driver: pdftex
* paper: letterpaper
* layout: <same size as paper>
* layoutoffset:(h,v)=(0.0pt,0.0pt)
* modes: 
* h-part:(L,W,R)=(90.3375pt, 433.62001pt, 90.3375pt)
* v-part:(T,H,B)=(90.3375pt, 614.295pt, 90.3375pt)
* \paperwidth=614.295pt
* \paperheight=794.96999pt
* \textwidth=433.62001pt
* \textheight=614.295pt
* \oddsidemargin=18.0675pt
* \evensidemargin=18.0675pt
* \topmargin=-18.9325pt
* \headheight=12.0pt
* \headsep=25.0pt
* \topskip=12.0pt
* \footskip=30.0pt
* \marginparwidth=44.0pt
* \marginparsep=10.0pt
* \columnsep=10.0pt
* \skip\footins=10.8pt plus 4.0pt minus 2.0pt
* \hoffset=0.0pt
* \voffset=0.0pt
* \mag=1000
* \@twocolumnfalse
* \@twosidefalse
* \@mparswitchfalse
* \@reversemarginfalse
* (1in=72.27pt=25.4mm, 1cm=28.453pt)

(/opt/homebrew/Cellar/texlive/20240312/share/texmf-dist/tex/context/base/mkii/supp-pdf.mkii
[Loading MPS to PDF converter (version 2006.09.02).]
\scratchcounter=\count304
\scratchdimen=\dimen257
\scratchbox=\box104
\nofMPsegments=\count305
\nofMParguments=\count306
\everyMPshowfont=\toks28
\MPscratchCnt=\count307
\MPscratchDim=\dimen258
\MPnumerator=\count308
\makeMPintoPDFobject=\count309
\everyMPtoPDFconversion=\toks29
) (/opt/homebrew/Cellar/texlive/20240312/share/texmf-dist/tex/latex/epstopdf-pkg/epstopdf-base.sty
Package: epstopdf-base 2020-01-24 v2.11 Base part for package epstopdf
Package epstopdf-base Info: Redefining graphics rule for `.eps' on input line 485.
 (/opt/homebrew/Cellar/texlive/20240312/share/texmf-dist/tex/latex/latexconfig/epstopdf-sys.cfg
File: epstopdf-sys.cfg 2010/07/13 v1.3 Configuration of (r)epstopdf for TeX Live
))
Package caption Info: Begin \AtBeginDocument code.
Package caption Info: float package is loaded.
Package caption Info: hyperref package is loaded.
Package caption Info: End \AtBeginDocument code.
Package hyperref Info: Link coloring OFF on input line 62.
LaTeX Font Info:    External font `cmex10' loaded for size
(Font)              <14.4> on input line 69.
LaTeX Font Info:    External font `cmex10' loaded for size
(Font)              <7> on input line 69.
LaTeX Font Info:    Trying to load font information for T1+cmtt on input line 78.
 (/opt/homebrew/Cellar/texlive/20240312/share/texmf-dist/tex/latex/base/t1cmtt.fd
File: t1cmtt.fd 2023/04/13 v2.5m Standard LaTeX font definitions
) [1

{/opt/homebrew/Cellar/texlive/20240312/share/texmf-dist/fonts/map/pdftex/updmap/pdftex.map}{/opt/homebrew/Cellar/texlive/20240312/share/texmf-dist/fonts/enc/dvips/cm-super/cm-super-t1.enc}{/opt/homebrew/Cellar/texlive/20240312/share/texmf-dist/fonts/enc/dvips/cm-super/cm-super-ts1.enc}]
LaTeX Font Info:    External font `cmex10' loaded for size
(Font)              <12> on input line 106.
LaTeX Font Info:    External font `cmex10' loaded for size
(Font)              <8> on input line 106.
LaTeX Font Info:    External font `cmex10' loaded for size
(Font)              <6> on input line 106.


Package fancyhdr Warning: \headheight is too small (12.0pt): 
(fancyhdr)                Make it at least 14.49998pt, for example:
(fancyhdr)                \setlength{\headheight}{14.49998pt}.
(fancyhdr)                You might also make \topmargin smaller to compensate:
(fancyhdr)                \addtolength{\topmargin}{-2.49998pt}.

[2]

Package fancyhdr Warning: \headheight is too small (12.0pt): 
(fancyhdr)                Make it at least 14.49998pt, for example:
(fancyhdr)                \setlength{\headheight}{14.49998pt}.
(fancyhdr)                You might also make \topmargin smaller to compensate:
(fancyhdr)                \addtolength{\topmargin}{-2.49998pt}.

[3]

Package fancyhdr Warning: \headheight is too small (12.0pt): 
(fancyhdr)                Make it at least 14.49998pt, for example:
(fancyhdr)                \setlength{\headheight}{14.49998pt}.
(fancyhdr)                You might also make \topmargin smaller to compensate:
(fancyhdr)                \addtolength{\topmargin}{-2.49998pt}.

[4]

Package fancyhdr Warning: \headheight is too small (12.0pt): 
(fancyhdr)                Make it at least 14.49998pt, for example:
(fancyhdr)                \setlength{\headheight}{14.49998pt}.
(fancyhdr)                You might also make \topmargin smaller to compensate:
(fancyhdr)                \addtolength{\topmargin}{-2.49998pt}.

[5]

Package fancyhdr Warning: \headheight is too small (12.0pt): 
(fancyhdr)                Make it at least 14.49998pt, for example:
(fancyhdr)                \setlength{\headheight}{14.49998pt}.
(fancyhdr)                You might also make \topmargin smaller to compensate:
(fancyhdr)                \addtolength{\topmargin}{-2.49998pt}.

[6]

Package fancyhdr Warning: \headheight is too small (12.0pt): 
(fancyhdr)                Make it at least 14.49998pt, for example:
(fancyhdr)                \setlength{\headheight}{14.49998pt}.
(fancyhdr)                You might also make \topmargin smaller to compensate:
(fancyhdr)                \addtolength{\topmargin}{-2.49998pt}.

[7]

Package fancyhdr Warning: \headheight is too small (12.0pt): 
(fancyhdr)                Make it at least 14.49998pt, for example:
(fancyhdr)                \setlength{\headheight}{14.49998pt}.
(fancyhdr)                You might also make \topmargin smaller to compensate:
(fancyhdr)                \addtolength{\topmargin}{-2.49998pt}.

[8]
Underfull \hbox (badness 1708) in paragraph at lines 292--292
[]|\T1/cmr/m/n/6 The syn-the-sis is ex-cep-tion-
 []


Underfull \hbox (badness 1917) in paragraph at lines 292--292
[]|\T1/cmr/m/n/6 The syn-the-sis is clear and
 []


Underfull \hbox (badness 1325) in paragraph at lines 292--292
\T1/cmr/m/n/6 der-stand the au-thor's main
 []


Underfull \hbox (badness 5741) in paragraph at lines 292--292
[]|\T1/cmr/m/n/6 All key themes from the
 []


Underfull \hbox (badness 1033) in paragraph at lines 292--292
\T1/cmr/m/n/6 pre-hen-sively and ac-cu-rately.
 []


Underfull \hbox (badness 4505) in paragraph at lines 292--292
[]|\T1/cmr/m/n/6 Most key themes are ad-
 []


Underfull \hbox (badness 2707) in paragraph at lines 292--292
[]|\T1/cmr/m/n/6 The syn-the-sis demon-strates
 []


Underfull \hbox (badness 1019) in paragraph at lines 292--292
\T1/cmr/m/n/6 deep crit-i-cal anal-y-sis, high-
 []


Underfull \hbox (badness 10000) in paragraph at lines 292--292
\T1/cmr/m/n/6 light-ing pat-terns, draw-ing
 []


Underfull \hbox (badness 1824) in paragraph at lines 292--292
\T1/cmr/m/n/6 con-nec-tions, and ad-dress-ing
 []


Underfull \hbox (badness 1762) in paragraph at lines 292--292
[]|\T1/cmr/m/n/6 Critical anal-y-sis is lack-ing.
 []


Underfull \hbox (badness 1360) in paragraph at lines 292--292
[]|\T1/cmr/m/n/6 The im-pli-ca-tions for pub-lic
 []


LaTeX Warning: `h' float specifier changed to `ht'.


Underfull \hbox (badness 10000) in paragraph at lines 316--316
[]|\T1/cmr/bx/n/6 Understanding
 []


Underfull \hbox (badness 10000) in paragraph at lines 316--316
[]|\T1/cmr/m/n/6 Demonstrates
 []


Underfull \hbox (badness 4739) in paragraph at lines 316--316
\T1/cmr/m/n/6 deep un-der-stand-
 []


Underfull \hbox (badness 10000) in paragraph at lines 316--316
\T1/cmr/m/n/6 in-ter-pre-ta-tion of
 []


Underfull \hbox (badness 10000) in paragraph at lines 316--316
[]|\T1/cmr/m/n/6 Shows a solid
 []


Underfull \hbox (badness 10000) in paragraph at lines 316--316
\T1/cmr/m/n/6 un-der-stand-ing
 []


Underfull \hbox (badness 3250) in paragraph at lines 316--316
\T1/cmr/m/n/6 of read-ings. Few
 []


Underfull \hbox (badness 10000) in paragraph at lines 316--316
[]|\T1/cmr/m/n/6 Shows a ba-sic
 []


Underfull \hbox (badness 10000) in paragraph at lines 316--316
\T1/cmr/m/n/6 un-der-stand-ing of
 []


Underfull \hbox (badness 5022) in paragraph at lines 316--316
\T1/cmr/m/n/6 has some sig-nif-
 []


Underfull \hbox (badness 10000) in paragraph at lines 316--316
\T1/cmr/m/n/6 i-cant omis-sions
 []


Underfull \hbox (badness 10000) in paragraph at lines 316--316
\T1/cmr/m/n/6 or mis-in-ter-pre-ta-
 []


Underfull \hbox (badness 10000) in paragraph at lines 316--316
[]|\T1/cmr/m/n/6 Limited un-der-
 []


Underfull \hbox (badness 10000) in paragraph at lines 316--316
\T1/cmr/m/n/6 stand-ing of the
 []


Underfull \hbox (badness 10000) in paragraph at lines 316--316
[]|\T1/cmr/m/n/6 Demonstrates
 []


Underfull \hbox (badness 10000) in paragraph at lines 316--316
\T1/cmr/m/n/6 min-i-mal or no
 []


Underfull \hbox (badness 10000) in paragraph at lines 316--316
\T1/cmr/m/n/6 un-der-stand-ing of
 []


Underfull \hbox (badness 10000) in paragraph at lines 316--316
[]|\T1/cmr/m/n/6 Clearly and
 []


Underfull \hbox (badness 10000) in paragraph at lines 316--316
\T1/cmr/m/n/6 com-pre-hen-sively
 []


Underfull \hbox (badness 3312) in paragraph at lines 316--316
\T1/cmr/m/n/6 themes and pat-
 []


Underfull \hbox (badness 6125) in paragraph at lines 316--316
\T1/cmr/m/n/6 terns across the
 []


Underfull \hbox (badness 10000) in paragraph at lines 316--316
[]|\T1/cmr/m/n/6 Identifies most
 []


Underfull \hbox (badness 7576) in paragraph at lines 316--316
\T1/cmr/m/n/6 pat-terns. A few
 []


Underfull \hbox (badness 10000) in paragraph at lines 316--316
[]|\T1/cmr/m/n/6 Identifies some
 []


Underfull \hbox (badness 6625) in paragraph at lines 316--316
\T1/cmr/m/n/6 tify themes and
 []


Underfull \hbox (badness 10000) in paragraph at lines 316--316
\T1/cmr/m/n/6 pat-terns. Many
 []


Underfull \hbox (badness 5431) in paragraph at lines 316--316
[]|\T1/cmr/m/n/6 Fails to iden-tify
 []


Underfull \hbox (badness 10000) in paragraph at lines 316--316
\T1/cmr/m/n/6 or con-nect any
 []


Underfull \hbox (badness 3312) in paragraph at lines 316--316
\T1/cmr/m/n/6 themes and pat-
 []


Underfull \hbox (badness 3000) in paragraph at lines 316--316
\T1/cmr/m/n/6 nu-anced anal-y-sis,
 []


Underfull \hbox (badness 10000) in paragraph at lines 316--316
\T1/cmr/m/n/6 draws so-phis-ti-
 []


Underfull \hbox (badness 10000) in paragraph at lines 316--316
\T1/cmr/m/n/6 and crit-i-cally
 []


Underfull \hbox (badness 5970) in paragraph at lines 316--316
\T1/cmr/m/n/6 ad-dresses con-tra-
 []


Underfull \hbox (badness 5302) in paragraph at lines 316--316
[]|\T1/cmr/m/n/6 Provides a solid
 []


Underfull \hbox (badness 10000) in paragraph at lines 316--316
\T1/cmr/m/n/6 anal-y-sis, draws
 []


Underfull \hbox (badness 10000) in paragraph at lines 316--316
\T1/cmr/m/n/6 rel-e-vant con-
 []


Underfull \hbox (badness 10000) in paragraph at lines 316--316
\T1/cmr/m/n/6 nec-tions, and
 []


Underfull \hbox (badness 10000) in paragraph at lines 316--316
\T1/cmr/m/n/6 ad-dresses some
 []


Underfull \hbox (badness 10000) in paragraph at lines 316--316
\T1/cmr/m/n/6 con-nec-tion, but
 []


Underfull \hbox (badness 5832) in paragraph at lines 316--316
\T1/cmr/m/n/6 lacks depth and
 []


Underfull \hbox (badness 2781) in paragraph at lines 316--316
\T1/cmr/m/n/6 may not ad-dress
 []


Underfull \hbox (badness 7451) in paragraph at lines 316--316
[]|\T1/cmr/m/n/6 Limited anal-y-sis.
 []


Underfull \hbox (badness 10000) in paragraph at lines 316--316
\T1/cmr/m/n/6 Draws few con-
 []


Underfull \hbox (badness 10000) in paragraph at lines 316--316
\T1/cmr/m/n/6 nec-tions. Many
 []


Underfull \hbox (badness 10000) in paragraph at lines 316--316
\T1/cmr/m/n/6 missed op-por-tu-
 []


Underfull \hbox (badness 3386) in paragraph at lines 316--316
\T1/cmr/m/n/6 ni-ties for deeper
 []


Underfull \hbox (badness 10000) in paragraph at lines 316--316
[]|\T1/cmr/m/n/6 Lacks any real
 []


Underfull \hbox (badness 10000) in paragraph at lines 316--316
[]|\T1/cmr/m/n/6 Ideas are or-ga-
 []


Underfull \hbox (badness 4229) in paragraph at lines 316--316
\T1/cmr/m/n/6 co-her-ent man-ner.
 []


Underfull \hbox (badness 2635) in paragraph at lines 316--316
[]|\T1/cmr/m/n/6 Ideas are mostly
 []


Underfull \hbox (badness 10000) in paragraph at lines 316--316
\T1/cmr/m/n/6 well or-ga-nized.
 []


Underfull \hbox (badness 10000) in paragraph at lines 316--316
\T1/cmr/m/n/6 A few mi-nor
 []


Underfull \hbox (badness 10000) in paragraph at lines 316--316
\T1/cmr/m/n/6 struc-tural is-sues
 []


Underfull \hbox (badness 10000) in paragraph at lines 316--316
\T1/cmr/m/n/6 but they don't
 []


Underfull \hbox (badness 10000) in paragraph at lines 316--316
\T1/cmr/m/n/6 ma-jorly im-pede
 []


Underfull \hbox (badness 10000) in paragraph at lines 316--316
[]|\T1/cmr/m/n/6 Organization is
 []


Underfull \hbox (badness 10000) in paragraph at lines 316--316
\T1/cmr/m/n/6 some-what clear,
 []


Underfull \hbox (badness 10000) in paragraph at lines 316--316
\T1/cmr/m/n/6 but reader may
 []


Underfull \hbox (badness 5119) in paragraph at lines 316--316
\T1/cmr/m/n/6 Some ar-eas lack
 []


Underfull \hbox (badness 10000) in paragraph at lines 316--316
\T1/cmr/m/n/6 are dis-or-ga-nized.
 []


Underfull \hbox (badness 10000) in paragraph at lines 316--316
\T1/cmr/m/n/6 Hard for the
 []


Underfull \hbox (badness 10000) in paragraph at lines 316--316
[]|\T1/cmr/m/n/6 Lacks any clear
 []


Underfull \hbox (badness 8000) in paragraph at lines 316--316
\T1/cmr/m/n/6 struc-ture or or-
 []


Underfull \hbox (badness 10000) in paragraph at lines 316--316
\T1/cmr/m/n/6 ga-ni-za-tion. Very
 []


Underfull \hbox (badness 4001) in paragraph at lines 316--316
[]|\T1/cmr/m/n/6 Writing is clear,
 []


Underfull \hbox (badness 2253) in paragraph at lines 316--316
\T1/cmr/m/n/6 clear with mi-nor
 []


Underfull \hbox (badness 10000) in paragraph at lines 316--316
\T1/cmr/m/n/6 mat-i-cal is-sues.
 []


Underfull \hbox (badness 2635) in paragraph at lines 316--316
[]|\T1/cmr/m/n/6 Writing is some-
 []


Underfull \hbox (badness 10000) in paragraph at lines 316--316
\T1/cmr/m/n/6 eral gram-mat-i-cal
 []


Underfull \hbox (badness 5970) in paragraph at lines 316--316
[]|\T1/cmr/m/n/6 Writing is of-ten
 []


Underfull \hbox (badness 2608) in paragraph at lines 316--316
\T1/cmr/m/n/6 and many gram-
 []


Underfull \hbox (badness 10000) in paragraph at lines 316--316
[]|\T1/cmr/m/n/6 Writing is con-
 []


Underfull \hbox (badness 7944) in paragraph at lines 316--316
\T1/cmr/m/n/6 sis-tently un-clear.
 []


Underfull \hbox (badness 10000) in paragraph at lines 316--316
\T1/cmr/m/n/6 Per-va-sive jar-gon
 []


Underfull \hbox (badness 10000) in paragraph at lines 316--316
\T1/cmr/m/n/6 and gram-mat-i-cal
 []


LaTeX Warning: `!h' float specifier changed to `!ht'.


Package fancyhdr Warning: \headheight is too small (12.0pt): 
(fancyhdr)                Make it at least 14.49998pt, for example:
(fancyhdr)                \setlength{\headheight}{14.49998pt}.
(fancyhdr)                You might also make \topmargin smaller to compensate:
(fancyhdr)                \addtolength{\topmargin}{-2.49998pt}.

[9]

LaTeX Warning: Text page 10 contains only floats.


Package fancyhdr Warning: \headheight is too small (12.0pt): 
(fancyhdr)                Make it at least 14.49998pt, for example:
(fancyhdr)                \setlength{\headheight}{14.49998pt}.
(fancyhdr)                You might also make \topmargin smaller to compensate:
(fancyhdr)                \addtolength{\topmargin}{-2.49998pt}.

[10]

Package fancyhdr Warning: \headheight is too small (12.0pt): 
(fancyhdr)                Make it at least 14.49998pt, for example:
(fancyhdr)                \setlength{\headheight}{14.49998pt}.
(fancyhdr)                You might also make \topmargin smaller to compensate:
(fancyhdr)                \addtolength{\topmargin}{-2.49998pt}.

[11]

Package fancyhdr Warning: \headheight is too small (12.0pt): 
(fancyhdr)                Make it at least 14.49998pt, for example:
(fancyhdr)                \setlength{\headheight}{14.49998pt}.
(fancyhdr)                You might also make \topmargin smaller to compensate:
(fancyhdr)                \addtolength{\topmargin}{-2.49998pt}.

[12]

LaTeX Warning: `h' float specifier changed to `ht'.


LaTeX Warning: `!h' float specifier changed to `!ht'.


Package fancyhdr Warning: \headheight is too small (12.0pt): 
(fancyhdr)                Make it at least 14.49998pt, for example:
(fancyhdr)                \setlength{\headheight}{14.49998pt}.
(fancyhdr)                You might also make \topmargin smaller to compensate:
(fancyhdr)                \addtolength{\topmargin}{-2.49998pt}.

[13]

Package fancyhdr Warning: \headheight is too small (12.0pt): 
(fancyhdr)                Make it at least 14.49998pt, for example:
(fancyhdr)                \setlength{\headheight}{14.49998pt}.
(fancyhdr)                You might also make \topmargin smaller to compensate:
(fancyhdr)                \addtolength{\topmargin}{-2.49998pt}.

[14]

Package fancyhdr Warning: \headheight is too small (12.0pt): 
(fancyhdr)                Make it at least 14.49998pt, for example:
(fancyhdr)                \setlength{\headheight}{14.49998pt}.
(fancyhdr)                You might also make \topmargin smaller to compensate:
(fancyhdr)                \addtolength{\topmargin}{-2.49998pt}.

[15]

Package fancyhdr Warning: \headheight is too small (12.0pt): 
(fancyhdr)                Make it at least 14.49998pt, for example:
(fancyhdr)                \setlength{\headheight}{14.49998pt}.
(fancyhdr)                You might also make \topmargin smaller to compensate:
(fancyhdr)                \addtolength{\topmargin}{-2.49998pt}.

[16]

Package natbib Warning: Citation `Herzberg2003' on page 17 undefined on input line 568.


Package fancyhdr Warning: \headheight is too small (12.0pt): 
(fancyhdr)                Make it at least 14.49998pt, for example:
(fancyhdr)                \setlength{\headheight}{14.49998pt}.
(fancyhdr)                You might also make \topmargin smaller to compensate:
(fancyhdr)                \addtolength{\topmargin}{-2.49998pt}.

[17]

Package natbib Warning: Citation `May2007' on page 18 undefined on input line 615.


Package natbib Warning: Citation `Roman2015' on page 18 undefined on input line 616.


Package natbib Warning: Citation `Jos2010' on page 18 undefined on input line 640.


Package fancyhdr Warning: \headheight is too small (12.0pt): 
(fancyhdr)                Make it at least 14.49998pt, for example:
(fancyhdr)                \setlength{\headheight}{14.49998pt}.
(fancyhdr)                You might also make \topmargin smaller to compensate:
(fancyhdr)                \addtolength{\topmargin}{-2.49998pt}.

[18]

Package natbib Warning: Citation `Marvel2016' on page 19 undefined on input line 666.


Package natbib Warning: Citation `NicholsonCrotty2004' on page 19 undefined on input line 667.


Overfull \hbox (2.74577pt too wide) in paragraph at lines 683--684
[][]\T1/cmr/m/n/12 McCandless, Bishu, Gómez Hernán-dez, Pare-des Eraso, Sab-har-wal, San-
 []


Package fancyhdr Warning: \headheight is too small (12.0pt): 
(fancyhdr)                Make it at least 14.49998pt, for example:
(fancyhdr)                \setlength{\headheight}{14.49998pt}.
(fancyhdr)                You might also make \topmargin smaller to compensate:
(fancyhdr)                \addtolength{\topmargin}{-2.49998pt}.

[19]

Package natbib Warning: Citation `Marvel2016' on page 20 undefined on input line 689.

(./new_521_syllabus.bbl

Package fancyhdr Warning: \headheight is too small (12.0pt): 
(fancyhdr)                Make it at least 14.49998pt, for example:
(fancyhdr)                \setlength{\headheight}{14.49998pt}.
(fancyhdr)                You might also make \topmargin smaller to compensate:
(fancyhdr)                \addtolength{\topmargin}{-2.49998pt}.

[20]

Package fancyhdr Warning: \headheight is too small (12.0pt): 
(fancyhdr)                Make it at least 14.49998pt, for example:
(fancyhdr)                \setlength{\headheight}{14.49998pt}.
(fancyhdr)                You might also make \topmargin smaller to compensate:
(fancyhdr)                \addtolength{\topmargin}{-2.49998pt}.

[21]

Package fancyhdr Warning: \headheight is too small (12.0pt): 
(fancyhdr)                Make it at least 14.49998pt, for example:
(fancyhdr)                \setlength{\headheight}{14.49998pt}.
(fancyhdr)                You might also make \topmargin smaller to compensate:
(fancyhdr)                \addtolength{\topmargin}{-2.49998pt}.

[22])

Package natbib Warning: There were undefined citations.


Package fancyhdr Warning: \headheight is too small (12.0pt): 
(fancyhdr)                Make it at least 14.49998pt, for example:
(fancyhdr)                \setlength{\headheight}{14.49998pt}.
(fancyhdr)                You might also make \topmargin smaller to compensate:
(fancyhdr)                \addtolength{\topmargin}{-2.49998pt}.

[23] (./new_521_syllabus.aux)
 ***********
LaTeX2e <2023-11-01> patch level 1
L3 programming layer <2024-02-20>
 ***********
 ) 
Here is how much of TeX's memory you used:
 14509 strings out of 474116
 236329 string characters out of 5733619
 1956187 words of memory out of 5000000
 36557 multiletter control sequences out of 15000+600000
 568454 words of font info for 58 fonts, out of 8000000 for 9000
 1141 hyphenation exceptions out of 8191
 83i,11n,93p,876b,744s stack positions out of 10000i,1000n,20000p,200000b,200000s
</opt/homebrew/Cellar/texlive/20240312/share/texmf-dist/fonts/type1/public/cm-super/sfbx0600.pfb></opt/homebrew/Cellar/texlive/20240312/share/texmf-dist/fonts/type1/public/cm-super/sfbx1200.pfb></opt/homebrew/Cellar/texlive/20240312/share/texmf-dist/fonts/type1/public/cm-super/sfbx1440.pfb></opt/homebrew/Cellar/texlive/20240312/share/texmf-dist/fonts/type1/public/cm-super/sfrm0600.pfb></opt/homebrew/Cellar/texlive/20240312/share/texmf-dist/fonts/type1/public/cm-super/sfrm1200.pfb></opt/homebrew/Cellar/texlive/20240312/share/texmf-dist/fonts/type1/public/cm-super/sfrm1440.pfb></opt/homebrew/Cellar/texlive/20240312/share/texmf-dist/fonts/type1/public/cm-super/sfrm2074.pfb></opt/homebrew/Cellar/texlive/20240312/share/texmf-dist/fonts/type1/public/cm-super/sfti1200.pfb></opt/homebrew/Cellar/texlive/20240312/share/texmf-dist/fonts/type1/public/cm-super/sftt1200.pfb>
Output written on new_521_syllabus.pdf (23 pages, 294137 bytes).
PDF statistics:
 454 PDF objects out of 1000 (max. 8388607)
 405 compressed objects within 5 object streams
 129 named destinations out of 1000 (max. 500000)
 97 words of extra memory for PDF output out of 10000 (max. 10000000)

