<<<<<<< HEAD
This is pdfTeX, Version 3.141592653-2.6-1.40.26 (TeX Live 2024) (preloaded format=pdflatex 2024.4.1)  1 APR 2024 09:30
=======
This is pdfTeX, Version 3.141592653-2.6-1.40.25 (TeX Live 2023/Debian) (preloaded format=pdflatex 2024.3.27)  1 APR 2024 10:23
>>>>>>> 4ef960a922e72ea19e8652e27456f7956de245a2
entering extended mode
 restricted \write18 enabled.
 file:line:error style messages enabled.
 %&-line parsing enabled.
<<<<<<< HEAD
**"/home/dadams/Nextcloud/Syllabi/POSC 521 as Hybrid/posc521_hybrid_syllabus.tex"
(/home/dadams/Nextcloud/Syllabi/POSC 521 as Hybrid/posc521_hybrid_syllabus.tex
LaTeX2e <2023-11-01> patch level 1
L3 programming layer <2024-03-14>
(/custom/install/dir/texmf-dist/tex/latex/base/article.cls
Document Class: article 2023/05/17 v1.4n Standard LaTeX document class
(/custom/install/dir/texmf-dist/tex/latex/base/size12.clo
=======
**"/home/dadams/Nextcloud/CSUF-MPA GitHub/syllabi/POSC 521 as Hybrid/posc521_hybrid_syllabus.tex"
(/home/dadams/Nextcloud/CSUF-MPA GitHub/syllabi/POSC 521 as Hybrid/posc521_hybrid_syllabus.tex
LaTeX2e <2023-06-01>
L3 programming layer <2023-06-05>
(/usr/share/texlive/texmf-dist/tex/latex/base/article.cls
Document Class: article 2023/05/17 v1.4n Standard LaTeX document class
(/usr/share/texlive/texmf-dist/tex/latex/base/size12.clo
>>>>>>> 4ef960a922e72ea19e8652e27456f7956de245a2
File: size12.clo 2023/05/17 v1.4n Standard LaTeX file (size option)
)
\c@part=\count185
\c@section=\count186
\c@subsection=\count187
\c@subsubsection=\count188
\c@paragraph=\count189
\c@subparagraph=\count190
\c@figure=\count191
\c@table=\count192
\abovecaptionskip=\skip48
\belowcaptionskip=\skip49
\bibindent=\dimen140
<<<<<<< HEAD
) (/custom/install/dir/texmf-dist/tex/generic/babel/babel.sty
Package: babel 2024/03/29 v24.3 The Babel package
\babel@savecnt=\count196
\U@D=\dimen141
\l@unhyphenated=\language89
 (/custom/install/dir/texmf-dist/tex/generic/babel/txtbabel.def)
\bbl@readstream=\read2
\bbl@dirlevel=\count197
 (/custom/install/dir/texmf-dist/tex/generic/babel-english/english.ldf
=======
) (/usr/share/texlive/texmf-dist/tex/generic/babel/babel.sty
Package: babel 2023/05/11 v3.89 The Babel package
\babel@savecnt=\count193
\U@D=\dimen141
\l@unhyphenated=\language87
 (/usr/share/texlive/texmf-dist/tex/generic/babel/txtbabel.def)
\bbl@readstream=\read2
\bbl@dirlevel=\count194
 (/usr/share/texlive/texmf-dist/tex/generic/babel-english/english.ldf
>>>>>>> 4ef960a922e72ea19e8652e27456f7956de245a2
Language: english 2017/06/06 v3.3r English support from the babel system
Package babel Info: Hyphen rules for 'canadian' set to \l@english
(babel)             (\language0). Reported on input line 102.
Package babel Info: Hyphen rules for 'australian' set to \l@ukenglish
(babel)             (\language73). Reported on input line 105.
Package babel Info: Hyphen rules for 'newzealand' set to \l@ukenglish
<<<<<<< HEAD
(babel)             (\language23). Reported on input line 108.
)) (/custom/install/dir/texmf-dist/tex/generic/babel/locale/en/babel-english.tex
Package babel Info: Importing font and identification data for english
(babel)             from babel-en.ini. Reported on input line 11.
) (/custom/install/dir/texmf-dist/tex/latex/base/fontenc.sty
Package: fontenc 2021/04/29 v2.0v Standard LaTeX package
) (/custom/install/dir/texmf-dist/tex/latex/geometry/geometry.sty
Package: geometry 2020/01/02 v5.9 Page Geometry
 (/custom/install/dir/texmf-dist/tex/latex/graphics/keyval.sty
Package: keyval 2022/05/29 v1.15 key=value parser (DPC)
\KV@toks@=\toks17
) (/custom/install/dir/texmf-dist/tex/generic/iftex/ifvtex.sty
Package: ifvtex 2019/10/25 v1.7 ifvtex legacy package. Use iftex instead.
 (/custom/install/dir/texmf-dist/tex/generic/iftex/iftex.sty
=======
(babel)             (\language73). Reported on input line 108.
)) (/usr/share/texlive/texmf-dist/tex/generic/babel/locale/en/babel-english.tex
Package babel Info: Importing font and identification data for english
(babel)             from babel-en.ini. Reported on input line 11.
) (/usr/share/texlive/texmf-dist/tex/latex/base/fontenc.sty
Package: fontenc 2021/04/29 v2.0v Standard LaTeX package
) (/usr/share/texlive/texmf-dist/tex/latex/geometry/geometry.sty
Package: geometry 2020/01/02 v5.9 Page Geometry
 (/usr/share/texlive/texmf-dist/tex/latex/graphics/keyval.sty
Package: keyval 2022/05/29 v1.15 key=value parser (DPC)
\KV@toks@=\toks17
) (/usr/share/texlive/texmf-dist/tex/generic/iftex/ifvtex.sty
Package: ifvtex 2019/10/25 v1.7 ifvtex legacy package. Use iftex instead.
 (/usr/share/texlive/texmf-dist/tex/generic/iftex/iftex.sty
>>>>>>> 4ef960a922e72ea19e8652e27456f7956de245a2
Package: iftex 2022/02/03 v1.0f TeX engine tests
))
\Gm@cnth=\count195
\Gm@cntv=\count196
\c@Gm@tempcnt=\count197
\Gm@bindingoffset=\dimen142
\Gm@wd@mp=\dimen143
\Gm@odd@mp=\dimen144
\Gm@even@mp=\dimen145
\Gm@layoutwidth=\dimen146
\Gm@layoutheight=\dimen147
\Gm@layouthoffset=\dimen148
\Gm@layoutvoffset=\dimen149
\Gm@dimlist=\toks18
<<<<<<< HEAD
) (/custom/install/dir/texmf-dist/tex/latex/xcolor/xcolor.sty
Package: xcolor 2023/11/15 v3.01 LaTeX color extensions (UK)
 (/custom/install/dir/texmf-dist/tex/latex/graphics-cfg/color.cfg
File: color.cfg 2016/01/02 v1.6 sample color configuration
)
Package xcolor Info: Driver file: pdftex.def on input line 274.
 (/custom/install/dir/texmf-dist/tex/latex/graphics-def/pdftex.def
File: pdftex.def 2022/09/22 v1.2b Graphics/color driver for pdftex
) (/custom/install/dir/texmf-dist/tex/latex/graphics/mathcolor.ltx)
Package xcolor Info: Model `cmy' substituted by `cmy0' on input line 1350.
Package xcolor Info: Model `hsb' substituted by `rgb' on input line 1354.
Package xcolor Info: Model `RGB' extended on input line 1366.
Package xcolor Info: Model `HTML' substituted by `rgb' on input line 1368.
Package xcolor Info: Model `Hsb' substituted by `hsb' on input line 1369.
Package xcolor Info: Model `tHsb' substituted by `hsb' on input line 1370.
Package xcolor Info: Model `HSB' substituted by `hsb' on input line 1371.
Package xcolor Info: Model `Gray' substituted by `gray' on input line 1372.
Package xcolor Info: Model `wave' substituted by `hsb' on input line 1373.
) (/custom/install/dir/texmf-dist/tex/latex/url/url.sty
\Urlmuskip=\muskip16
Package: url 2013/09/16  ver 3.4  Verb mode for urls, etc.
) (/custom/install/dir/texmf-dist/tex/latex/base/inputenc.sty
Package: inputenc 2021/02/14 v1.3d Input encoding file
\inpenc@prehook=\toks19
\inpenc@posthook=\toks20
) (/custom/install/dir/texmf-dist/tex/latex/tools/tabularx.sty
Package: tabularx 2023/07/08 v2.11c `tabularx' package (DPC)
 (/custom/install/dir/texmf-dist/tex/latex/tools/array.sty
Package: array 2023/10/16 v2.5g Tabular extension package (FMi)
=======
) (/usr/share/texlive/texmf-dist/tex/latex/xcolor/xcolor.sty
Package: xcolor 2022/06/12 v2.14 LaTeX color extensions (UK)
 (/usr/share/texlive/texmf-dist/tex/latex/graphics-cfg/color.cfg
File: color.cfg 2016/01/02 v1.6 sample color configuration
)
Package xcolor Info: Driver file: pdftex.def on input line 227.
 (/usr/share/texlive/texmf-dist/tex/latex/graphics-def/pdftex.def
File: pdftex.def 2022/09/22 v1.2b Graphics/color driver for pdftex
) (/usr/share/texlive/texmf-dist/tex/latex/graphics/mathcolor.ltx)
Package xcolor Info: Model `cmy' substituted by `cmy0' on input line 1353.
Package xcolor Info: Model `hsb' substituted by `rgb' on input line 1357.
Package xcolor Info: Model `RGB' extended on input line 1369.
Package xcolor Info: Model `HTML' substituted by `rgb' on input line 1371.
Package xcolor Info: Model `Hsb' substituted by `hsb' on input line 1372.
Package xcolor Info: Model `tHsb' substituted by `hsb' on input line 1373.
Package xcolor Info: Model `HSB' substituted by `hsb' on input line 1374.
Package xcolor Info: Model `Gray' substituted by `gray' on input line 1375.
Package xcolor Info: Model `wave' substituted by `hsb' on input line 1376.
) (/usr/share/texlive/texmf-dist/tex/latex/url/url.sty
\Urlmuskip=\muskip16
Package: url 2013/09/16  ver 3.4  Verb mode for urls, etc.
) (/usr/share/texlive/texmf-dist/tex/latex/base/inputenc.sty
Package: inputenc 2021/02/14 v1.3d Input encoding file
\inpenc@prehook=\toks19
\inpenc@posthook=\toks20
) (/usr/share/texlive/texmf-dist/tex/latex/tools/tabularx.sty
Package: tabularx 2020/01/15 v2.11c `tabularx' package (DPC)
 (/usr/share/texlive/texmf-dist/tex/latex/tools/array.sty
Package: array 2022/09/04 v2.5g Tabular extension package (FMi)
>>>>>>> 4ef960a922e72ea19e8652e27456f7956de245a2
\col@sep=\dimen150
\ar@mcellbox=\box51
\extrarowheight=\dimen151
\NC@list=\toks21
\extratabsurround=\skip50
\backup@length=\skip51
\ar@cellbox=\box52
)
\TX@col@width=\dimen152
\TX@old@table=\dimen153
\TX@old@col=\dimen154
\TX@target=\dimen155
\TX@delta=\dimen156
\TX@cols=\count198
\TX@ftn=\toks22
<<<<<<< HEAD
) (/custom/install/dir/texmf-dist/tex/latex/booktabs/booktabs.sty
=======
) (/usr/share/texlive/texmf-dist/tex/latex/booktabs/booktabs.sty
>>>>>>> 4ef960a922e72ea19e8652e27456f7956de245a2
Package: booktabs 2020/01/12 v1.61803398 Publication quality tables
\heavyrulewidth=\dimen157
\lightrulewidth=\dimen158
\cmidrulewidth=\dimen159
\belowrulesep=\dimen160
\belowbottomsep=\dimen161
\aboverulesep=\dimen162
\abovetopsep=\dimen163
\cmidrulesep=\dimen164
\cmidrulekern=\dimen165
\defaultaddspace=\dimen166
\@cmidla=\count199
\@cmidlb=\count266
\@aboverulesep=\dimen167
\@belowrulesep=\dimen168
\@thisruleclass=\count267
\@lastruleclass=\count268
\@thisrulewidth=\dimen169
<<<<<<< HEAD
) (/custom/install/dir/texmf-dist/tex/latex/tools/multicol.sty
=======
) (/usr/share/texlive/texmf-dist/tex/latex/tools/multicol.sty
>>>>>>> 4ef960a922e72ea19e8652e27456f7956de245a2
Package: multicol 2023/03/30 v1.9f multicolumn formatting (FMi)
\c@tracingmulticols=\count269
\mult@box=\box53
\multicol@leftmargin=\dimen170
\c@unbalance=\count270
\c@collectmore=\count271
\doublecol@number=\count272
\multicoltolerance=\count273
\multicolpretolerance=\count274
\full@width=\dimen171
\page@free=\dimen172
\premulticols=\dimen173
\postmulticols=\dimen174
\multicolsep=\skip52
\multicolbaselineskip=\skip53
\partial@page=\box54
\last@line=\box55
\mc@boxedresult=\box56
\maxbalancingoverflow=\dimen175
\mult@rightbox=\box57
\mult@grightbox=\box58
\mult@firstbox=\box59
\mult@gfirstbox=\box60
\@tempa=\box61
\@tempa=\box62
\@tempa=\box63
\@tempa=\box64
\@tempa=\box65
\@tempa=\box66
\@tempa=\box67
\@tempa=\box68
\@tempa=\box69
\@tempa=\box70
\@tempa=\box71
\@tempa=\box72
\@tempa=\box73
\@tempa=\box74
\@tempa=\box75
\@tempa=\box76
\@tempa=\box77
\@tempa=\box78
\@tempa=\box79
\@tempa=\box80
\@tempa=\box81
\@tempa=\box82
\@tempa=\box83
\@tempa=\box84
\@tempa=\box85
\@tempa=\box86
\@tempa=\box87
\@tempa=\box88
\@tempa=\box89
\@tempa=\box90
\@tempa=\box91
\@tempa=\box92
\@tempa=\box93
\@tempa=\box94
\@tempa=\box95
\@tempa=\box96
\c@minrows=\count275
\c@columnbadness=\count276
\c@finalcolumnbadness=\count277
\last@try=\dimen176
\multicolovershoot=\dimen177
\multicolundershoot=\dimen178
\mult@nat@firstbox=\box97
\colbreak@box=\box98
<<<<<<< HEAD
\mc@col@check@num=\count281
) (/custom/install/dir/texmf-dist/tex/latex/eso-pic/eso-pic.sty
Package: eso-pic 2023/05/03 v3.0c eso-pic (RN)
\ESO@tempdima=\dimen179
\ESO@tempdimb=\dimen180
) (/custom/install/dir/texmf-dist/tex/latex/natbib/natbib.sty
=======
\mc@col@check@num=\count278
) (/usr/share/texlive/texmf-dist/tex/latex/eso-pic/eso-pic.sty
Package: eso-pic 2023/05/03 v3.0c eso-pic (RN)
\ESO@tempdima=\dimen179
\ESO@tempdimb=\dimen180
) (/usr/share/texlive/texmf-dist/tex/latex/natbib/natbib.sty
>>>>>>> 4ef960a922e72ea19e8652e27456f7956de245a2
Package: natbib 2010/09/13 8.31b (PWD, AO)
\bibhang=\skip54
\bibsep=\skip55
LaTeX Info: Redefining \cite on input line 694.
<<<<<<< HEAD
\c@NAT@ctr=\count282
) (/custom/install/dir/texmf-dist/tex/latex/caption/caption.sty
Package: caption 2023/08/05 v3.6o Customizing captions (AR)
 (/custom/install/dir/texmf-dist/tex/latex/caption/caption3.sty
Package: caption3 2023/07/31 v2.4d caption3 kernel (AR)
=======
\c@NAT@ctr=\count279
) (/usr/share/texlive/texmf-dist/tex/latex/caption/caption.sty
Package: caption 2023/03/12 v3.6j Customizing captions (AR)
 (/usr/share/texlive/texmf-dist/tex/latex/caption/caption3.sty
Package: caption3 2023/03/12 v2.4 caption3 kernel (AR)
>>>>>>> 4ef960a922e72ea19e8652e27456f7956de245a2
\caption@tempdima=\dimen181
\captionmargin=\dimen182
\caption@leftmargin=\dimen183
\caption@rightmargin=\dimen184
\caption@width=\dimen185
\caption@indent=\dimen186
\caption@parindent=\dimen187
\caption@hangindent=\dimen188
Package caption Info: Standard document class detected.
)
<<<<<<< HEAD
\c@caption@flags=\count283
\c@continuedfloat=\count284
) (/custom/install/dir/texmf-dist/tex/latex/caption/subcaption.sty
Package: subcaption 2023/07/28 v1.6b Sub-captions (AR)
Package caption Info: New subtype `subfigure' on input line 238.
\c@subfigure=\count285
Package caption Info: New subtype `subtable' on input line 238.
\c@subtable=\count286
) (/custom/install/dir/texmf-dist/tex/latex/setspace/setspace.sty
Package: setspace 2022/12/04 v6.7b set line spacing
) (/custom/install/dir/texmf-dist/tex/latex/paralist/paralist.sty
=======
\c@caption@flags=\count280
\c@continuedfloat=\count281
) (/usr/share/texlive/texmf-dist/tex/latex/caption/subcaption.sty
Package: subcaption 2023/02/19 v1.6 Sub-captions (AR)
Package caption Info: New subtype `subfigure' on input line 239.
\c@subfigure=\count282
Package caption Info: New subtype `subtable' on input line 239.
\c@subtable=\count283
) (/usr/share/texlive/texmf-dist/tex/latex/setspace/setspace.sty
Package: setspace 2022/12/04 v6.7b set line spacing
) (/usr/share/texlive/texmf-dist/tex/latex/paralist/paralist.sty
>>>>>>> 4ef960a922e72ea19e8652e27456f7956de245a2
Package: paralist 2017/01/22 v2.7 Extended list environments
\pltopsep=\skip56
\plpartopsep=\skip57
\plitemsep=\skip58
\plparsep=\skip59
\pl@lab=\toks23
<<<<<<< HEAD
) (/custom/install/dir/texmf-dist/tex/latex/quoting/quoting.sty
Package: quoting 2014/01/28 v0.1c Consolidated environment for displayed text
 (/custom/install/dir/texmf-dist/tex/latex/etoolbox/etoolbox.sty
Package: etoolbox 2020/10/05 v2.5k e-TeX tools for LaTeX (JAW)
\etb@tempcnta=\count287
) (/custom/install/dir/texmf-dist/tex/latex/kvoptions/kvoptions.sty
Package: kvoptions 2022-06-15 v3.15 Key value format for package options (HO)
 (/custom/install/dir/texmf-dist/tex/generic/ltxcmds/ltxcmds.sty
Package: ltxcmds 2023-12-04 v1.26 LaTeX kernel commands for general use (HO)
) (/custom/install/dir/texmf-dist/tex/latex/kvsetkeys/kvsetkeys.sty
Package: kvsetkeys 2022-10-05 v1.19 Key value parser (HO)
))
\quo@toppartop=\skip60
) (/custom/install/dir/texmf-dist/tex/latex/comment/comment.sty
\CommentStream=\write3
 Excluding comment 'comment') (/custom/install/dir/texmf-dist/tex/latex/enumitem/enumitem.sty
=======
) (/usr/share/texlive/texmf-dist/tex/latex/quoting/quoting.sty
Package: quoting 2014/01/28 v0.1c Consolidated environment for displayed text
 (/usr/share/texlive/texmf-dist/tex/latex/etoolbox/etoolbox.sty
Package: etoolbox 2020/10/05 v2.5k e-TeX tools for LaTeX (JAW)
\etb@tempcnta=\count284
) (/usr/share/texlive/texmf-dist/tex/latex/kvoptions/kvoptions.sty
Package: kvoptions 2022-06-15 v3.15 Key value format for package options (HO)
 (/usr/share/texlive/texmf-dist/tex/generic/ltxcmds/ltxcmds.sty
Package: ltxcmds 2020-05-10 v1.25 LaTeX kernel commands for general use (HO)
) (/usr/share/texlive/texmf-dist/tex/latex/kvsetkeys/kvsetkeys.sty
Package: kvsetkeys 2022-10-05 v1.19 Key value parser (HO)
))
\quo@toppartop=\skip60
) (/usr/share/texlive/texmf-dist/tex/latex/comment/comment.sty
\CommentStream=\write3
 Excluding comment 'comment') (/usr/share/texlive/texmf-dist/tex/latex/enumitem/enumitem.sty
>>>>>>> 4ef960a922e72ea19e8652e27456f7956de245a2
Package: enumitem 2019/06/20 v3.9 Customized lists
\labelindent=\skip61
\enit@outerparindent=\dimen189
\enit@toks=\toks24
\enit@inbox=\box99
<<<<<<< HEAD
\enit@count@id=\count288
\enitdp@description=\count289
) (/custom/install/dir/texmf-dist/tex/latex/graphics/graphicx.sty
Package: graphicx 2021/09/16 v1.2d Enhanced LaTeX Graphics (DPC,SPQR)
 (/custom/install/dir/texmf-dist/tex/latex/graphics/graphics.sty
Package: graphics 2022/03/10 v1.4e Standard LaTeX Graphics (DPC,SPQR)
 (/custom/install/dir/texmf-dist/tex/latex/graphics/trig.sty
Package: trig 2021/08/11 v1.11 sin cos tan (DPC)
) (/custom/install/dir/texmf-dist/tex/latex/graphics-cfg/graphics.cfg
=======
\enit@count@id=\count285
\enitdp@description=\count286
) (/usr/share/texlive/texmf-dist/tex/latex/graphics/graphicx.sty
Package: graphicx 2021/09/16 v1.2d Enhanced LaTeX Graphics (DPC,SPQR)
 (/usr/share/texlive/texmf-dist/tex/latex/graphics/graphics.sty
Package: graphics 2022/03/10 v1.4e Standard LaTeX Graphics (DPC,SPQR)
 (/usr/share/texlive/texmf-dist/tex/latex/graphics/trig.sty
Package: trig 2021/08/11 v1.11 sin cos tan (DPC)
) (/usr/share/texlive/texmf-dist/tex/latex/graphics-cfg/graphics.cfg
>>>>>>> 4ef960a922e72ea19e8652e27456f7956de245a2
File: graphics.cfg 2016/06/04 v1.11 sample graphics configuration
)
Package graphics Info: Driver file: pdftex.def on input line 107.
)
\Gin@req@height=\dimen190
\Gin@req@width=\dimen191
<<<<<<< HEAD
) (/custom/install/dir/texmf-dist/tex/latex/float/float.sty
=======
) (/usr/share/texlive/texmf-dist/tex/latex/float/float.sty
>>>>>>> 4ef960a922e72ea19e8652e27456f7956de245a2
Package: float 2001/11/08 v1.3d Float enhancements (AL)
\c@float@type=\count287
\float@exts=\toks25
\float@box=\box100
\@float@everytoks=\toks26
\@floatcapt=\box101
<<<<<<< HEAD
) (/custom/install/dir/texmf-dist/tex/latex/bookmark/bookmark.sty
Package: bookmark 2023-12-10 v1.31 PDF bookmarks (HO)
 (/custom/install/dir/texmf-dist/tex/latex/hyperref/hyperref.sty
Package: hyperref 2024-01-20 v7.01h Hypertext links for LaTeX
 (/custom/install/dir/texmf-dist/tex/generic/kvdefinekeys/kvdefinekeys.sty
Package: kvdefinekeys 2019-12-19 v1.6 Define keys (HO)
) (/custom/install/dir/texmf-dist/tex/generic/pdfescape/pdfescape.sty
Package: pdfescape 2019/12/09 v1.15 Implements pdfTeX's escape features (HO)
 (/custom/install/dir/texmf-dist/tex/generic/pdftexcmds/pdftexcmds.sty
Package: pdftexcmds 2020-06-27 v0.33 Utility functions of pdfTeX for LuaTeX (HO)
 (/custom/install/dir/texmf-dist/tex/generic/infwarerr/infwarerr.sty
=======
) (/usr/share/texlive/texmf-dist/tex/latex/bookmark/bookmark.sty
Package: bookmark 2020-11-06 v1.29 PDF bookmarks (HO)
 (/usr/share/texlive/texmf-dist/tex/latex/hyperref/hyperref.sty
Package: hyperref 2023-05-16 v7.00y Hypertext links for LaTeX
 (/usr/share/texlive/texmf-dist/tex/generic/pdftexcmds/pdftexcmds.sty
Package: pdftexcmds 2020-06-27 v0.33 Utility functions of pdfTeX for LuaTeX (HO)
 (/usr/share/texlive/texmf-dist/tex/generic/infwarerr/infwarerr.sty
>>>>>>> 4ef960a922e72ea19e8652e27456f7956de245a2
Package: infwarerr 2019/12/03 v1.5 Providing info/warning/error messages (HO)
)
Package pdftexcmds Info: \pdf@primitive is available.
Package pdftexcmds Info: \pdf@ifprimitive is available.
Package pdftexcmds Info: \pdfdraftmode found.
<<<<<<< HEAD
)) (/custom/install/dir/texmf-dist/tex/latex/hycolor/hycolor.sty
Package: hycolor 2020-01-27 v1.10 Color options for hyperref/bookmark (HO)
) (/custom/install/dir/texmf-dist/tex/latex/auxhook/auxhook.sty
Package: auxhook 2019-12-17 v1.6 Hooks for auxiliary files (HO)
) (/custom/install/dir/texmf-dist/tex/latex/hyperref/nameref.sty
Package: nameref 2023-11-26 v2.56 Cross-referencing by name of section
 (/custom/install/dir/texmf-dist/tex/latex/refcount/refcount.sty
Package: refcount 2019/12/15 v3.6 Data extraction from label references (HO)
) (/custom/install/dir/texmf-dist/tex/generic/gettitlestring/gettitlestring.sty
=======
) (/usr/share/texlive/texmf-dist/tex/generic/kvdefinekeys/kvdefinekeys.sty
Package: kvdefinekeys 2019-12-19 v1.6 Define keys (HO)
) (/usr/share/texlive/texmf-dist/tex/generic/pdfescape/pdfescape.sty
Package: pdfescape 2019/12/09 v1.15 Implements pdfTeX's escape features (HO)
) (/usr/share/texlive/texmf-dist/tex/latex/hycolor/hycolor.sty
Package: hycolor 2020-01-27 v1.10 Color options for hyperref/bookmark (HO)
) (/usr/share/texlive/texmf-dist/tex/latex/letltxmacro/letltxmacro.sty
Package: letltxmacro 2019/12/03 v1.6 Let assignment for LaTeX macros (HO)
) (/usr/share/texlive/texmf-dist/tex/latex/auxhook/auxhook.sty
Package: auxhook 2019-12-17 v1.6 Hooks for auxiliary files (HO)
) (/usr/share/texlive/texmf-dist/tex/latex/hyperref/nameref.sty
Package: nameref 2023-05-16 v2.51 Cross-referencing by name of section
 (/usr/share/texlive/texmf-dist/tex/latex/refcount/refcount.sty
Package: refcount 2019/12/15 v3.6 Data extraction from label references (HO)
) (/usr/share/texlive/texmf-dist/tex/generic/gettitlestring/gettitlestring.sty
>>>>>>> 4ef960a922e72ea19e8652e27456f7956de245a2
Package: gettitlestring 2019/12/15 v1.6 Cleanup title references (HO)
)
\c@section@level=\count288
)
\@linkdim=\dimen192
<<<<<<< HEAD
\Hy@linkcounter=\count292
\Hy@pagecounter=\count293
 (/custom/install/dir/texmf-dist/tex/latex/hyperref/pd1enc.def
File: pd1enc.def 2024-01-20 v7.01h Hyperref: PDFDocEncoding definition (HO)
Now handling font encoding PD1 ...
... no UTF-8 mapping file for font encoding PD1
) (/custom/install/dir/texmf-dist/tex/generic/intcalc/intcalc.sty
Package: intcalc 2019/12/15 v1.3 Expandable calculations with integers (HO)
)
\Hy@SavedSpaceFactor=\count294
 (/custom/install/dir/texmf-dist/tex/latex/hyperref/puenc.def
File: puenc.def 2024-01-20 v7.01h Hyperref: PDF Unicode definition (HO)
=======
\Hy@linkcounter=\count289
\Hy@pagecounter=\count290
 (/usr/share/texlive/texmf-dist/tex/latex/hyperref/pd1enc.def
File: pd1enc.def 2023-05-16 v7.00y Hyperref: PDFDocEncoding definition (HO)
Now handling font encoding PD1 ...
... no UTF-8 mapping file for font encoding PD1
) (/usr/share/texlive/texmf-dist/tex/generic/intcalc/intcalc.sty
Package: intcalc 2019/12/15 v1.3 Expandable calculations with integers (HO)
)
\Hy@SavedSpaceFactor=\count291
 (/usr/share/texlive/texmf-dist/tex/latex/hyperref/puenc.def
File: puenc.def 2023-05-16 v7.00y Hyperref: PDF Unicode definition (HO)
>>>>>>> 4ef960a922e72ea19e8652e27456f7956de245a2
Now handling font encoding PU ...
... no UTF-8 mapping file for font encoding PU
)
Package hyperref Info: Hyper figures OFF on input line 4167.
Package hyperref Info: Link nesting OFF on input line 4172.
Package hyperref Info: Hyper index ON on input line 4175.
Package hyperref Info: Plain pages OFF on input line 4182.
Package hyperref Info: Backreferencing OFF on input line 4187.
Package hyperref Info: Implicit mode ON; LaTeX internals redefined.
Package hyperref Info: Bookmarks ON on input line 4434.
\c@Hy@tempcnt=\count292
LaTeX Info: Redefining \url on input line 4772.
\XeTeXLinkMargin=\dimen193
<<<<<<< HEAD
 (/custom/install/dir/texmf-dist/tex/generic/bitset/bitset.sty
Package: bitset 2019/12/09 v1.3 Handle bit-vector datatype (HO)
 (/custom/install/dir/texmf-dist/tex/generic/bigintcalc/bigintcalc.sty
=======
 (/usr/share/texlive/texmf-dist/tex/generic/bitset/bitset.sty
Package: bitset 2019/12/09 v1.3 Handle bit-vector datatype (HO)
 (/usr/share/texlive/texmf-dist/tex/generic/bigintcalc/bigintcalc.sty
>>>>>>> 4ef960a922e72ea19e8652e27456f7956de245a2
Package: bigintcalc 2019/12/15 v1.5 Expandable calculations on big integers (HO)
))
\Fld@menulength=\count293
\Field@Width=\dimen194
\Fld@charsize=\dimen195
<<<<<<< HEAD
Package hyperref Info: Hyper figures OFF on input line 6063.
Package hyperref Info: Link nesting OFF on input line 6068.
Package hyperref Info: Hyper index ON on input line 6071.
Package hyperref Info: backreferencing OFF on input line 6078.
Package hyperref Info: Link coloring OFF on input line 6083.
Package hyperref Info: Link coloring with OCG OFF on input line 6088.
Package hyperref Info: PDF/A mode OFF on input line 6093.
 (/custom/install/dir/texmf-dist/tex/latex/base/atbegshi-ltx.sty
=======
Package hyperref Info: Hyper figures OFF on input line 6051.
Package hyperref Info: Link nesting OFF on input line 6056.
Package hyperref Info: Hyper index ON on input line 6059.
Package hyperref Info: backreferencing OFF on input line 6066.
Package hyperref Info: Link coloring OFF on input line 6071.
Package hyperref Info: Link coloring with OCG OFF on input line 6076.
Package hyperref Info: PDF/A mode OFF on input line 6081.
 (/usr/share/texlive/texmf-dist/tex/latex/base/atbegshi-ltx.sty
>>>>>>> 4ef960a922e72ea19e8652e27456f7956de245a2
Package: atbegshi-ltx 2021/01/10 v1.0c Emulation of the original atbegshi
package with kernel methods
)
\Hy@abspage=\count294
\c@Item=\count295
\c@Hfootnote=\count296
)
Package hyperref Info: Driver (autodetected): hpdftex.
<<<<<<< HEAD
 (/custom/install/dir/texmf-dist/tex/latex/hyperref/hpdftex.def
File: hpdftex.def 2024-01-20 v7.01h Hyperref driver for pdfTeX
 (/custom/install/dir/texmf-dist/tex/latex/base/atveryend-ltx.sty
Package: atveryend-ltx 2020/08/19 v1.0a Emulation of the original atveryend package
with kernel methods
)
\Fld@listcount=\count300
\c@bookmark@seq@number=\count301
 (/custom/install/dir/texmf-dist/tex/latex/rerunfilecheck/rerunfilecheck.sty
Package: rerunfilecheck 2022-07-10 v1.10 Rerun checks for auxiliary files (HO)
 (/custom/install/dir/texmf-dist/tex/generic/uniquecounter/uniquecounter.sty
=======
 (/usr/share/texlive/texmf-dist/tex/latex/hyperref/hpdftex.def
File: hpdftex.def 2023-05-16 v7.00y Hyperref driver for pdfTeX
 (/usr/share/texlive/texmf-dist/tex/latex/base/atveryend-ltx.sty
Package: atveryend-ltx 2020/08/19 v1.0a Emulation of the original atveryend package
with kernel methods
)
\Fld@listcount=\count297
\c@bookmark@seq@number=\count298
 (/usr/share/texlive/texmf-dist/tex/latex/rerunfilecheck/rerunfilecheck.sty
Package: rerunfilecheck 2022-07-10 v1.10 Rerun checks for auxiliary files (HO)
 (/usr/share/texlive/texmf-dist/tex/generic/uniquecounter/uniquecounter.sty
>>>>>>> 4ef960a922e72ea19e8652e27456f7956de245a2
Package: uniquecounter 2019/12/15 v1.4 Provide unlimited unique counter (HO)
)
Package uniquecounter Info: New unique counter `rerunfilecheck' on input line 285.
)
\Hy@SectionHShift=\skip62
<<<<<<< HEAD
) (/custom/install/dir/texmf-dist/tex/latex/bookmark/bkm-pdftex.def
File: bkm-pdftex.def 2023-12-10 v1.31 bookmark driver for pdfTeX and luaTeX (HO)
\BKM@id=\count302
))
Package hyperref Info: Option `colorlinks' set `true' on input line 35.
 (/custom/install/dir/texmf-dist/tex/latex/psnfss/helvet.sty
Package: helvet 2020/03/25 PSNFSS-v9.3 (WaS) 
)
LaTeX Font Info:    Trying to load font information for T1+phv on input line 40.
 (/custom/install/dir/texmf-dist/tex/latex/psnfss/t1phv.fd
=======
) (/usr/share/texlive/texmf-dist/tex/latex/bookmark/bkm-pdftex.def
File: bkm-pdftex.def 2020-11-06 v1.29 bookmark driver for pdfTeX (HO)
\BKM@id=\count299
))
Package hyperref Info: Option `colorlinks' set `true' on input line 35.
 (/usr/share/texlive/texmf-dist/tex/latex/psnfss/helvet.sty
Package: helvet 2020/03/25 PSNFSS-v9.3 (WaS) 
)
LaTeX Font Info:    Trying to load font information for T1+phv on input line 40.
 (/usr/share/texlive/texmf-dist/tex/latex/psnfss/t1phv.fd
>>>>>>> 4ef960a922e72ea19e8652e27456f7956de245a2
File: t1phv.fd 2020/03/25 scalable font definitions for T1/phv.
)
LaTeX Font Info:    Font shape `T1/phv/m/n' will be
(Font)              scaled to size 11.39996pt on input line 40.
<<<<<<< HEAD
 (/custom/install/dir/texmf-dist/tex/latex/l3backend/l3backend-pdftex.def
File: l3backend-pdftex.def 2024-03-14 L3 backend support: PDF output (pdfTeX)
\l__color_backend_stack_int=\count303
=======
 (/usr/share/texlive/texmf-dist/tex/latex/l3backend/l3backend-pdftex.def
File: l3backend-pdftex.def 2023-04-19 L3 backend support: PDF output (pdfTeX)
\l__color_backend_stack_int=\count300
>>>>>>> 4ef960a922e72ea19e8652e27456f7956de245a2
\l__pdf_internal_box=\box102
)
No file posc521_hybrid_syllabus.aux.
\openout1 = `posc521_hybrid_syllabus.aux'.

LaTeX Font Info:    Checking defaults for OML/cmm/m/it on input line 40.
LaTeX Font Info:    ... okay on input line 40.
LaTeX Font Info:    Checking defaults for OMS/cmsy/m/n on input line 40.
LaTeX Font Info:    ... okay on input line 40.
LaTeX Font Info:    Checking defaults for OT1/cmr/m/n on input line 40.
LaTeX Font Info:    ... okay on input line 40.
LaTeX Font Info:    Checking defaults for T1/cmr/m/n on input line 40.
LaTeX Font Info:    ... okay on input line 40.
LaTeX Font Info:    Checking defaults for TS1/cmr/m/n on input line 40.
LaTeX Font Info:    ... okay on input line 40.
LaTeX Font Info:    Checking defaults for OMX/cmex/m/n on input line 40.
LaTeX Font Info:    ... okay on input line 40.
LaTeX Font Info:    Checking defaults for U/cmr/m/n on input line 40.
LaTeX Font Info:    ... okay on input line 40.
LaTeX Font Info:    Checking defaults for PD1/pdf/m/n on input line 40.
LaTeX Font Info:    ... okay on input line 40.
LaTeX Font Info:    Checking defaults for PU/pdf/m/n on input line 40.
LaTeX Font Info:    ... okay on input line 40.
*geometry* driver: auto-detecting
*geometry* detected driver: pdftex
*geometry* verbose mode - [ preamble ] result:
* driver: pdftex
* paper: letterpaper
* layout: <same size as paper>
* layoutoffset:(h,v)=(0.0pt,0.0pt)
* modes: 
* h-part:(L,W,R)=(83.11005pt, 448.0749pt, 83.11005pt)
* v-part:(T,H,B)=(83.11005pt, 628.7499pt, 83.11005pt)
* \paperwidth=614.295pt
* \paperheight=794.96999pt
* \textwidth=448.0749pt
* \textheight=628.7499pt
* \oddsidemargin=10.84006pt
* \evensidemargin=10.84006pt
* \topmargin=-26.15994pt
* \headheight=12.0pt
* \headsep=25.0pt
* \topskip=12.0pt
* \footskip=30.0pt
* \marginparwidth=44.0pt
* \marginparsep=10.0pt
* \columnsep=10.0pt
* \skip\footins=10.8pt plus 4.0pt minus 2.0pt
* \hoffset=0.0pt
* \voffset=0.0pt
* \mag=1000
* \@twocolumnfalse
* \@twosidefalse
* \@mparswitchfalse
* \@reversemarginfalse
* (1in=72.27pt=25.4mm, 1cm=28.453pt)

<<<<<<< HEAD
(/custom/install/dir/texmf-dist/tex/context/base/mkii/supp-pdf.mkii
=======
(/usr/share/texlive/texmf-dist/tex/context/base/mkii/supp-pdf.mkii
>>>>>>> 4ef960a922e72ea19e8652e27456f7956de245a2
[Loading MPS to PDF converter (version 2006.09.02).]
\scratchcounter=\count301
\scratchdimen=\dimen196
\scratchbox=\box103
\nofMPsegments=\count302
\nofMParguments=\count303
\everyMPshowfont=\toks27
\MPscratchCnt=\count304
\MPscratchDim=\dimen197
\MPnumerator=\count305
\makeMPintoPDFobject=\count306
\everyMPtoPDFconversion=\toks28
<<<<<<< HEAD
) (/custom/install/dir/texmf-dist/tex/latex/epstopdf-pkg/epstopdf-base.sty
Package: epstopdf-base 2020-01-24 v2.11 Base part for package epstopdf
Package epstopdf-base Info: Redefining graphics rule for `.eps' on input line 485.
 (/custom/install/dir/texmf-dist/tex/latex/latexconfig/epstopdf-sys.cfg
=======
) (/usr/share/texlive/texmf-dist/tex/latex/epstopdf-pkg/epstopdf-base.sty
Package: epstopdf-base 2020-01-24 v2.11 Base part for package epstopdf
Package epstopdf-base Info: Redefining graphics rule for `.eps' on input line 485.
 (/usr/share/texlive/texmf-dist/tex/latex/latexconfig/epstopdf-sys.cfg
>>>>>>> 4ef960a922e72ea19e8652e27456f7956de245a2
File: epstopdf-sys.cfg 2010/07/13 v1.3 Configuration of (r)epstopdf for TeX Live
))
Package caption Info: Begin \AtBeginDocument code.
Package caption Info: float package is loaded.
Package caption Info: hyperref package is loaded.
Package caption Info: End \AtBeginDocument code.
Package hyperref Info: Link coloring ON on input line 40.
LaTeX Font Info:    Font shape `T1/phv/m/n' will be
(Font)              scaled to size 19.70294pt on input line 45.
LaTeX Font Info:    Font shape `T1/phv/m/n' will be
(Font)              scaled to size 13.67995pt on input line 45.
LaTeX Font Info:    External font `cmex10' loaded for size
(Font)              <14.4> on input line 45.
LaTeX Font Info:    External font `cmex10' loaded for size
(Font)              <7> on input line 45.
LaTeX Font Info:    Trying to load font information for TS1+phv on input line 48.
<<<<<<< HEAD
 (/custom/install/dir/texmf-dist/tex/latex/psnfss/ts1phv.fd
=======
 (/usr/share/texlive/texmf-dist/tex/latex/psnfss/ts1phv.fd
>>>>>>> 4ef960a922e72ea19e8652e27456f7956de245a2
File: ts1phv.fd 2020/03/25 scalable font definitions for TS1/phv.
)
LaTeX Font Info:    Font shape `TS1/phv/m/n' will be
(Font)              scaled to size 11.39996pt on input line 48.
LaTeX Font Info:    Font shape `T1/phv/b/n' will be
(Font)              scaled to size 11.39996pt on input line 48.

Overfull \hbox (3.6178pt too wide) in paragraph at lines 48--49
[]\T1/phv/b/n/12 In-Person Ses-sions: \T1/phv/m/n/12 Au-gust 29; Septem-ber 5, 12, 19, 26; Oc-to-ber 3, 10, 17; Novem-
 []

LaTeX Font Info:    Font shape `T1/phv/b/n' will be
(Font)              scaled to size 13.67995pt on input line 53.
LaTeX Font Info:    Trying to load font information for T1+cmtt on input line 60.
<<<<<<< HEAD
(/custom/install/dir/texmf-dist/tex/latex/base/t1cmtt.fd
=======
(/usr/share/texlive/texmf-dist/tex/latex/base/t1cmtt.fd
>>>>>>> 4ef960a922e72ea19e8652e27456f7956de245a2
File: t1cmtt.fd 2023/04/13 v2.5m Standard LaTeX font definitions
)
LaTeX Font Info:    Font shape `T1/phv/m/n' will be
(Font)              scaled to size 16.41594pt on input line 66.
LaTeX Font Info:    Font shape `T1/phv/b/n' will be
(Font)              scaled to size 16.41594pt on input line 66.
 [1

<<<<<<< HEAD
{/custom/install/dir/texmf-var/fonts/map/pdftex/updmap/pdftex.map}{/custom/install/dir/texmf-dist/fonts/enc/dvips/base/8r.enc}{/custom/install/dir/texmf-dist/fonts/enc/dvips/cm-super/cm-super-t1.enc}]
=======
{/var/lib/texmf/fonts/map/pdftex/updmap/pdftex.map}{/usr/share/texlive/texmf-dist/fonts/enc/dvips/base/8r.enc}{/usr/share/texmf/fonts/enc/dvips/cm-super/cm-super-t1.enc}]
>>>>>>> 4ef960a922e72ea19e8652e27456f7956de245a2
LaTeX Font Info:    Font shape `T1/phv/m/it' in size <12> not available
(Font)              Font shape `T1/phv/m/sl' tried instead on input line 87.
LaTeX Font Info:    Font shape `T1/phv/m/sl' will be
(Font)              scaled to size 11.39996pt on input line 87.
 [2] [3]
Overfull \hbox (0.28053pt too wide) in paragraph at lines 152--153
\T1/phv/m/n/12 email. Stu-dents are re-spon-si-ble for reg-u-larly check-ing their \T1/phv/m/sl/12 Can-vas \T1/phv/m/n/12 no-ti-fi-ca-tions and email.
 []

[4] [5] [6] [7]

LaTeX Warning: Reference `tab:grading-scale' on page 8 undefined on input line 229.


LaTeX Warning: Reference `tab:grade-weights' on page 8 undefined on input line 229.

LaTeX Font Info:    External font `cmex10' loaded for size
(Font)              <12> on input line 234.
LaTeX Font Info:    External font `cmex10' loaded for size
(Font)              <8> on input line 234.
LaTeX Font Info:    External font `cmex10' loaded for size
(Font)              <6> on input line 234.
[8]

Package natbib Warning: Citation `Weber1946' on page 9 undefined on input line 280.


Package natbib Warning: Citation `Denhardt2015' on page 9 undefined on input line 281.


Package natbib Warning: Citation `Rosenbloom2008' on page 9 undefined on input line 282.


Package natbib Warning: Citation `Wilson1887' on page 9 undefined on input line 283.


Package natbib Warning: Citation `Wilson1989' on page 9 undefined on input line 284.


Package natbib Warning: Citation `Allison1990' on page 9 undefined on input line 294.


Package natbib Warning: Citation `Kaufman1969' on page 9 undefined on input line 295.


Package natbib Warning: Citation `Kettl2020a' on page 9 undefined on input line 296.


Package natbib Warning: Citation `Overeem2005' on page 9 undefined on input line 297.


Package natbib Warning: Citation `Denhardt2015' on page 9 undefined on input line 298.


Package natbib Warning: Citation `Lipsky1980' on page 9 undefined on input line 308.


Package natbib Warning: Citation `MaynardMoody2012' on page 9 undefined on input line 309.


Package natbib Warning: Citation `Lipsky2010' on page 9 undefined on input line 310.

[9]

Package natbib Warning: Citation `friedrich1935responsible' on page 10 undefined on input line 321.


Package natbib Warning: Citation `FINER1941' on page 10 undefined on input line 322.


Package natbib Warning: Citation `Frederickson2005' on page 10 undefined on input line 323.


Package natbib Warning: Citation `Adams2009' on page 10 undefined on input line 324.


Package natbib Warning: Citation `Denhardt2015' on page 10 undefined on input line 325.


Package natbib Warning: Citation `Christensen2017' on page 10 undefined on input line 335.


Package natbib Warning: Citation `Denhardt2015' on page 10 undefined on input line 336.


Package natbib Warning: Citation `Lachance2017' on page 10 undefined on input line 337.


Package natbib Warning: Citation `Magee2014' on page 10 undefined on input line 338.


Package natbib Warning: Citation `Fairholm2004' on page 10 undefined on input line 339.


Package natbib Warning: Citation `Behn2003' on page 10 undefined on input line 349.


Package natbib Warning: Citation `Denhardt2015' on page 10 undefined on input line 350.


Package natbib Warning: Citation `douglas2021' on page 10 undefined on input line 351.


Package natbib Warning: Citation `marvel2015' on page 10 undefined on input line 352.


Package natbib Warning: Citation `nicholson-crotty2004' on page 10 undefined on input line 353.

[10]

Package natbib Warning: Citation `Gooden2014' on page 11 undefined on input line 363.


Package natbib Warning: Citation `mccandless2022' on page 11 undefined on input line 364.


Package natbib Warning: Citation `jiang2022' on page 11 undefined on input line 365.


Package natbib Warning: Citation `marvel2015' on page 11 undefined on input line 366.


Package natbib Warning: Citation `Robles2023' on page 11 undefined on input line 367.


Package natbib Warning: Citation `brown2016' on page 11 undefined on input line 377.


Package natbib Warning: Citation `Cohen2008' on page 11 undefined on input line 378.


Package natbib Warning: Citation `Hefetz2014' on page 11 undefined on input line 379.


Package natbib Warning: Citation `jos2009' on page 11 undefined on input line 380.


Package natbib Warning: Citation `lamothe2012' on page 11 undefined on input line 381.

[11] (./posc521_hybrid_syllabus.bbl [12] [13]
./posc521_hybrid_syllabus.bbl:121: Misplaced alignment tab character &.
<argument> ...bscohost.com/login.aspx?direct=true&
                                                  db=buh&AN=155866504&site=e...
l.121 ...&AN=155866504&site=ehost-live&scope=site}
                                                  
I can't figure out why you would want to use a tab mark
here. If you just want an ampersand, the remedy is
simple: Just type `I\&' now. But if some right brace
up above has ended a previous alignment prematurely,
you're probably due for more error messages, and you
might try typing `S' now just to see what is salvageable.

./posc521_hybrid_syllabus.bbl:121: Misplaced alignment tab character &.
<argument> ...t.com/login.aspx?direct=true&db=buh&
                                                  AN=155866504&site=ehost-li...
l.121 ...&AN=155866504&site=ehost-live&scope=site}
                                                  
I can't figure out why you would want to use a tab mark
here. If you just want an ampersand, the remedy is
simple: Just type `I\&' now. But if some right brace
up above has ended a previous alignment prematurely,
you're probably due for more error messages, and you
might try typing `S' now just to see what is salvageable.

./posc521_hybrid_syllabus.bbl:121: Misplaced alignment tab character &.
<argument> ...spx?direct=true&db=buh&AN=155866504&
                                                  site=ehost-live&scope=site
l.121 ...&AN=155866504&site=ehost-live&scope=site}
                                                  
I can't figure out why you would want to use a tab mark
here. If you just want an ampersand, the remedy is
simple: Just type `I\&' now. But if some right brace
up above has ended a previous alignment prematurely,
you're probably due for more error messages, and you
might try typing `S' now just to see what is salvageable.

./posc521_hybrid_syllabus.bbl:121: Misplaced alignment tab character &.
<argument> ...db=buh&AN=155866504&site=ehost-live&
                                                  scope=site
l.121 ...&AN=155866504&site=ehost-live&scope=site}
                                                  
I can't figure out why you would want to use a tab mark
here. If you just want an ampersand, the remedy is
simple: Just type `I\&' now. But if some right brace
up above has ended a previous alignment prematurely,
you're probably due for more error messages, and you
might try typing `S' now just to see what is salvageable.


Overfull \hbox (252.97302pt too wide) in paragraph at lines 119--122
\T1/phv/b/n/12 URL: \T1/phv/m/sl/12 https://login.lib-proxy.fullerton.edu/login?url=https://search.ebscohost.com/login.aspx?direct=truedb=buhAN=155866504site=ehost-
 []

[14])

Package natbib Warning: There were undefined citations.

[15] (./posc521_hybrid_syllabus.aux

Package natbib Warning: Citation(s) may have changed.
(natbib)                Rerun to get citations correct.

)
 ***********
<<<<<<< HEAD
LaTeX2e <2023-11-01> patch level 1
L3 programming layer <2024-03-14>
=======
LaTeX2e <2023-06-01>
L3 programming layer <2023-06-05>
>>>>>>> 4ef960a922e72ea19e8652e27456f7956de245a2
 ***********


LaTeX Warning: There were undefined references.


LaTeX Warning: Label(s) may have changed. Rerun to get cross-references right.

 ) 
Here is how much of TeX's memory you used:
<<<<<<< HEAD
 14043 strings out of 474104
 225890 string characters out of 5745480
 1937493 words of memory out of 5000000
 36103 multiletter control sequences out of 15000+600000
 584720 words of font info for 66 fonts, out of 8000000 for 9000
 1141 hyphenation exceptions out of 8191
 83i,8n,93p,885b,645s stack positions out of 10000i,1000n,20000p,200000b,200000s
</custom/install/dir/texmf-dist/fonts/type1/public/cm-super/sftt1200.pfb></custom/install/dir/texmf-dist/fonts/type1/urw/helvetic/uhvb8a.pfb></custom/install/dir/texmf-dist/fonts/type1/urw/helvetic/uhvr8a.pfb></custom/install/dir/texmf-dist/fonts/type1/urw/helvetic/uhvro8a.pfb>
Output written on posc521_hybrid_syllabus.pdf (15 pages, 93831 bytes).
=======
 14063 strings out of 475735
 224622 string characters out of 5784786
 1863759 words of memory out of 5000000
 34491 multiletter control sequences out of 15000+600000
 540038 words of font info for 64 fonts, out of 8000000 for 9000
 1141 hyphenation exceptions out of 8191
 77i,8n,81p,901b,640s stack positions out of 10000i,1000n,20000p,200000b,200000s
</usr/share/texmf/fonts/type1/public/cm-super/sftt1200.pfb></usr/share/texlive/texmf-dist/fonts/type1/urw/helvetic/uhvb8a.pfb></usr/share/texlive/texmf-dist/fonts/type1/urw/helvetic/uhvr8a.pfb></usr/share/texlive/texmf-dist/fonts/type1/urw/helvetic/uhvro8a.pfb>
Output written on posc521_hybrid_syllabus.pdf (15 pages, 96040 bytes).
>>>>>>> 4ef960a922e72ea19e8652e27456f7956de245a2
PDF statistics:
 290 PDF objects out of 1000 (max. 8388607)
 262 compressed objects within 3 object streams
 126 named destinations out of 1000 (max. 500000)
 105 words of extra memory for PDF output out of 10000 (max. 10000000)

